Using pre-set license
Built from '2021.3/release' branch; Version is '2021.3.12f1 (8af3c3e441b1) revision 9106371'; Using compiler version '192829333'; Build Type 'Release'
OS: 'Windows 10  (10.0.19043) 64bit CoreCountrySpecific' Language: 'zh' Physical Memory: 16202 MB
BatchMode: 1, IsHumanControllingUs: 0, StartBugReporterOnCrash: 0, Is64bit: 1, IsPro: 1

COMMAND LINE ARGUMENTS:
C:\Users\13742\Desktop\GameJam2022\2021.3.12f1\Editor\Unity.exe
-adb2
-batchMode
-noUpm
-name
AssetImportWorker0
-projectPath
C:/Users/13742/Desktop/Protect-fish/protect-fish
-logFile
Logs/AssetImportWorker0.log
-srvPort
49996
Successfully changed project path to: C:/Users/13742/Desktop/Protect-fish/protect-fish
C:/Users/13742/Desktop/Protect-fish/protect-fish
[UnityMemory] Configuration Parameters - Can be set up in boot.config
    "memorysetup-bucket-allocator-granularity=16"
    "memorysetup-bucket-allocator-bucket-count=8"
    "memorysetup-bucket-allocator-block-size=33554432"
    "memorysetup-bucket-allocator-block-count=8"
    "memorysetup-main-allocator-block-size=16777216"
    "memorysetup-thread-allocator-block-size=16777216"
    "memorysetup-gfx-main-allocator-block-size=16777216"
    "memorysetup-gfx-thread-allocator-block-size=16777216"
    "memorysetup-cache-allocator-block-size=4194304"
    "memorysetup-typetree-allocator-block-size=2097152"
    "memorysetup-profiler-bucket-allocator-granularity=16"
    "memorysetup-profiler-bucket-allocator-bucket-count=8"
    "memorysetup-profiler-bucket-allocator-block-size=33554432"
    "memorysetup-profiler-bucket-allocator-block-count=8"
    "memorysetup-profiler-allocator-block-size=16777216"
    "memorysetup-profiler-editor-allocator-block-size=1048576"
    "memorysetup-temp-allocator-size-main=16777216"
    "memorysetup-job-temp-allocator-block-size=2097152"
    "memorysetup-job-temp-allocator-block-size-background=1048576"
    "memorysetup-job-temp-allocator-reduction-small-platforms=262144"
    "memorysetup-temp-allocator-size-background-worker=32768"
    "memorysetup-temp-allocator-size-job-worker=262144"
    "memorysetup-temp-allocator-size-preload-manager=33554432"
    "memorysetup-temp-allocator-size-nav-mesh-worker=65536"
    "memorysetup-temp-allocator-size-audio-worker=65536"
    "memorysetup-temp-allocator-size-cloud-worker=32768"
    "memorysetup-temp-allocator-size-gi-baking-worker=262144"
    "memorysetup-temp-allocator-size-gfx=262144"
Refreshing native plugins compatible for Editor in 31.79 ms, found 2 plugins.
Preloading 0 native plugins for Editor in 0.00 ms.
Initialize engine version: 2021.3.12f1 (8af3c3e441b1)
[Subsystems] Discovering subsystems at path C:/Users/13742/Desktop/GameJam2022/2021.3.12f1/Editor/Data/Resources/UnitySubsystems
[Subsystems] Discovering subsystems at path C:/Users/13742/Desktop/Protect-fish/protect-fish/Assets
GfxDevice: creating device client; threaded=0; jobified=0
Direct3D:
    Version:  Direct3D 11.0 [level 11.1]
    Renderer: NVIDIA GeForce RTX 2060 (ID=0x1f15)
    Vendor:   NVIDIA
    VRAM:     5980 MB
    Driver:   27.21.14.6275
Initialize mono
Mono path[0] = 'C:/Users/13742/Desktop/GameJam2022/2021.3.12f1/Editor/Data/Managed'
Mono path[1] = 'C:/Users/13742/Desktop/GameJam2022/2021.3.12f1/Editor/Data/MonoBleedingEdge/lib/mono/unityjit-win32'
Mono config path = 'C:/Users/13742/Desktop/GameJam2022/2021.3.12f1/Editor/Data/MonoBleedingEdge/etc'
Using monoOptions --debugger-agent=transport=dt_socket,embedding=1,server=y,suspend=n,address=127.0.0.1:56040
Begin MonoManager ReloadAssembly
Registering precompiled unity dll's ...
Register platform support module: C:/Users/13742/Desktop/GameJam2022/2021.3.12f1/Editor/Data/PlaybackEngines/WebGLSupport/UnityEditor.WebGL.Extensions.dll
Register platform support module: C:/Users/13742/Desktop/GameJam2022/2021.3.12f1/Editor/Data/PlaybackEngines/WindowsStandaloneSupport/UnityEditor.WindowsStandalone.Extensions.dll
Registered in 0.007373 seconds.
Native extension for WindowsStandalone target not found
Native extension for WebGL target not found
Refreshing native plugins compatible for Editor in 32.21 ms, found 2 plugins.
Preloading 0 native plugins for Editor in 0.00 ms.
Mono: successfully reloaded assembly
- Completed reload, in  0.561 seconds
Domain Reload Profiling:
	ReloadAssembly (561ms)
		BeginReloadAssembly (67ms)
			ExecutionOrderSort (0ms)
			DisableScriptedObjects (0ms)
			BackupInstance (0ms)
			ReleaseScriptingObjects (0ms)
			CreateAndSetChildDomain (1ms)
		EndReloadAssembly (390ms)
			LoadAssemblies (65ms)
			RebuildTransferFunctionScriptingTraits (0ms)
			SetupTypeCache (97ms)
			ReleaseScriptCaches (0ms)
			RebuildScriptCaches (27ms)
			SetupLoadedEditorAssemblies (219ms)
				LogAssemblyErrors (0ms)
				InitializePlatformSupportModulesInManaged (8ms)
				SetLoadedEditorAssemblies (0ms)
				RefreshPlugins (32ms)
				BeforeProcessingInitializeOnLoad (1ms)
				ProcessInitializeOnLoadAttributes (131ms)
				ProcessInitializeOnLoadMethodAttributes (46ms)
				AfterProcessingInitializeOnLoad (0ms)
				EditorAssembliesLoaded (0ms)
			ExecutionOrderSort2 (0ms)
			AwakeInstancesAfterBackupRestoration (0ms)
Platform modules already initialized, skipping
Registering precompiled user dll's ...
Registered in 0.002827 seconds.
Begin MonoManager ReloadAssembly
Native extension for WindowsStandalone target not found
Native extension for WebGL target not found
Refreshing native plugins compatible for Editor in 31.61 ms, found 2 plugins.
Preloading 0 native plugins for Editor in 0.00 ms.
Mono: successfully reloaded assembly
- Completed reload, in  0.860 seconds
Domain Reload Profiling:
	ReloadAssembly (861ms)
		BeginReloadAssembly (98ms)
			ExecutionOrderSort (0ms)
			DisableScriptedObjects (5ms)
			BackupInstance (0ms)
			ReleaseScriptingObjects (0ms)
			CreateAndSetChildDomain (17ms)
		EndReloadAssembly (656ms)
			LoadAssemblies (64ms)
			RebuildTransferFunctionScriptingTraits (0ms)
			SetupTypeCache (181ms)
			ReleaseScriptCaches (0ms)
			RebuildScriptCaches (52ms)
			SetupLoadedEditorAssemblies (320ms)
				LogAssemblyErrors (0ms)
				InitializePlatformSupportModulesInManaged (6ms)
				SetLoadedEditorAssemblies (0ms)
				RefreshPlugins (32ms)
				BeforeProcessingInitializeOnLoad (57ms)
				ProcessInitializeOnLoadAttributes (193ms)
				ProcessInitializeOnLoadMethodAttributes (25ms)
				AfterProcessingInitializeOnLoad (7ms)
				EditorAssembliesLoaded (0ms)
			ExecutionOrderSort2 (0ms)
			AwakeInstancesAfterBackupRestoration (5ms)
Platform modules already initialized, skipping
========================================================================
Worker process is ready to serve import requests
Launched and connected shader compiler UnityShaderCompiler.exe after 0.03 seconds
Refreshing native plugins compatible for Editor in 0.40 ms, found 2 plugins.
Preloading 0 native plugins for Editor in 0.00 ms.
Unloading 2432 Unused Serialized files (Serialized files now loaded: 0)
Unloading 19 unused Assets / (48.2 KB). Loaded Objects now: 2898.
Memory consumption went from 95.1 MB to 95.1 MB.
Total: 2.519400 ms (FindLiveObjects: 0.198400 ms CreateObjectMapping: 0.125000 ms MarkObjects: 2.133900 ms  DeleteObjects: 0.061000 ms)

AssetImportParameters requested are different than current active one (requested -> active):
  custom:video-decoder-ogg-theora: a1e56fd34408186e4bbccfd4996cb3dc -> 
  custom:container-muxer-webm: aa71ff27fc2769a1b78a27578f13a17b -> 
  custom:container-demuxer-webm: 4f35f7cbe854078d1ac9338744f61a02 -> 
  custom:video-encoder-webm-vp8: eb34c28f22e8b96e1ab97ce403110664 -> 
  custom:audio-encoder-webm-vorbis: bf7c407c2cedff20999df2af8eb42d56 -> 
  custom:framework-win-MediaFoundation: 216162199b28c13a410421893ffa2e32 -> 
  custom:container-demuxer-ogg: 62fdf1f143b41e24485cea50d1cbac27 -> 
  custom:video-decoder-webm-vp8: 9c59270c3fd7afecdb556c50c9e8de78 -> 
  custom:audio-decoder-ogg-vorbis: bf7c407c2cedff20999df2af8eb42d56 -> 
========================================================================
Received Import Request.
  Time since last request: 121003.920973 seconds.
  path: Assets/UI/Resource/IMG/fish guard 800x600.png
  artifactKey: Guid(85e8b646b3d0b8f4a8ce175b5e86a0c8) Importer(815301076,1909f56bfc062723c751e8b465ee728b)
Start importing Assets/UI/Resource/IMG/fish guard 800x600.png using Guid(85e8b646b3d0b8f4a8ce175b5e86a0c8) Importer(815301076,1909f56bfc062723c751e8b465ee728b)  -> (artifact id: 'c51f01e8324a9ac3fa0a3f3fb3863d35') in 0.067083 seconds 
========================================================================
Received Import Request.
  Time since last request: 24.586374 seconds.
  path: Assets/UI/Resource/IMG/fish guard 800x600.png
  artifactKey: Guid(85e8b646b3d0b8f4a8ce175b5e86a0c8) Importer(815301076,1909f56bfc062723c751e8b465ee728b)
Start importing Assets/UI/Resource/IMG/fish guard 800x600.png using Guid(85e8b646b3d0b8f4a8ce175b5e86a0c8) Importer(815301076,1909f56bfc062723c751e8b465ee728b)  -> (artifact id: '5756884a9881aa4a77e292e0ed127edf') in 0.025797 seconds 
========================================================================
Received Import Request.
  Time since last request: 7.428753 seconds.
  path: Assets/UI/Resource/IMG/fish guard 800x600.png
  artifactKey: Guid(85e8b646b3d0b8f4a8ce175b5e86a0c8) Importer(815301076,1909f56bfc062723c751e8b465ee728b)
Start importing Assets/UI/Resource/IMG/fish guard 800x600.png using Guid(85e8b646b3d0b8f4a8ce175b5e86a0c8) Importer(815301076,1909f56bfc062723c751e8b465ee728b)  -> (artifact id: '8fd70b2068b7977bce0b27dd04e49eb4') in 0.067751 seconds 
========================================================================
Received Import Request.
  Time since last request: 119.764016 seconds.
  path: Assets/UI/Resource/IMG/fish guard 800x600 1.png
  artifactKey: Guid(7b3c6338010e57e4da0c379b78863460) Importer(815301076,1909f56bfc062723c751e8b465ee728b)
Start importing Assets/UI/Resource/IMG/fish guard 800x600 1.png using Guid(7b3c6338010e57e4da0c379b78863460) Importer(815301076,1909f56bfc062723c751e8b465ee728b)  -> (artifact id: '259ebc6ab0cef233c5da90f8bf4dd800') in 0.010366 seconds 
========================================================================
Received Import Request.
  Time since last request: 11.671667 seconds.
  path: Assets/UI/Resource/IMG/fish guard 800x600 1.png
  artifactKey: Guid(7b3c6338010e57e4da0c379b78863460) Importer(815301076,1909f56bfc062723c751e8b465ee728b)
Start importing Assets/UI/Resource/IMG/fish guard 800x600 1.png using Guid(7b3c6338010e57e4da0c379b78863460) Importer(815301076,1909f56bfc062723c751e8b465ee728b)  -> (artifact id: '9ee448faf04eaee0352b340d7969a0fe') in 0.011805 seconds 
========================================================================
Received Import Request.
  Time since last request: 5.057688 seconds.
  path: Assets/UI/Resource/IMG/fish guard 800x600 1.png
  artifactKey: Guid(7b3c6338010e57e4da0c379b78863460) Importer(815301076,1909f56bfc062723c751e8b465ee728b)
Start importing Assets/UI/Resource/IMG/fish guard 800x600 1.png using Guid(7b3c6338010e57e4da0c379b78863460) Importer(815301076,1909f56bfc062723c751e8b465ee728b)  -> (artifact id: '0964546e8d88c5bb264cd94c2f0226b5') in 0.034835 seconds 
========================================================================
Received Import Request.
  Time since last request: 119.993833 seconds.
  path: Assets/UI/Resource/IMG/fish guard 800x600.png
  artifactKey: Guid(85e8b646b3d0b8f4a8ce175b5e86a0c8) Importer(815301076,1909f56bfc062723c751e8b465ee728b)
Start importing Assets/UI/Resource/IMG/fish guard 800x600.png using Guid(85e8b646b3d0b8f4a8ce175b5e86a0c8) Importer(815301076,1909f56bfc062723c751e8b465ee728b)  -> (artifact id: 'a07ed12df7ca46f482792a82751844be') in 0.012457 seconds 
========================================================================
Received Import Request.
  Time since last request: 5.163297 seconds.
  path: Assets/UI/Resource/IMG/fish guard 800x600.png
  artifactKey: Guid(85e8b646b3d0b8f4a8ce175b5e86a0c8) Importer(815301076,1909f56bfc062723c751e8b465ee728b)
Start importing Assets/UI/Resource/IMG/fish guard 800x600.png using Guid(85e8b646b3d0b8f4a8ce175b5e86a0c8) Importer(815301076,1909f56bfc062723c751e8b465ee728b)  -> (artifact id: '2d59672823f0cb845c6ca333d0e51381') in 0.010830 seconds 
========================================================================
Received Import Request.
  Time since last request: 2.940885 seconds.
  path: Assets/UI/Resource/IMG/fish guard 800x600.png
  artifactKey: Guid(85e8b646b3d0b8f4a8ce175b5e86a0c8) Importer(815301076,1909f56bfc062723c751e8b465ee728b)
Start importing Assets/UI/Resource/IMG/fish guard 800x600.png using Guid(85e8b646b3d0b8f4a8ce175b5e86a0c8) Importer(815301076,1909f56bfc062723c751e8b465ee728b)  -> (artifact id: 'dfb18eac825792aff555893a8dfe7cd2') in 0.029848 seconds 
========================================================================
Received Import Request.
  Time since last request: 224.197430 seconds.
  path: Assets/UI/Resource/Font
  artifactKey: Guid(ae431d13c42b63a429cff32ee3625f80) Importer(815301076,1909f56bfc062723c751e8b465ee728b)
Start importing Assets/UI/Resource/Font using Guid(ae431d13c42b63a429cff32ee3625f80) Importer(815301076,1909f56bfc062723c751e8b465ee728b)  -> (artifact id: '2e078c378b6c45efc04c7960f46f21f8') in 0.005573 seconds 
========================================================================
Received Import Request.
  Time since last request: 106.040678 seconds.
  path: Assets/UI/Resource/Font/Larissa.ttf
  artifactKey: Guid(def99086356664847a32deeba029e6ab) Importer(815301076,1909f56bfc062723c751e8b465ee728b)
Start importing Assets/UI/Resource/Font/Larissa.ttf using Guid(def99086356664847a32deeba029e6ab) Importer(815301076,1909f56bfc062723c751e8b465ee728b)  -> (artifact id: 'c1063451c696fd2d82ce3677073fc605') in 0.048629 seconds 
========================================================================
Received Import Request.
  Time since last request: 119.450229 seconds.
  path: Assets/UI/MainMenu.prefab
  artifactKey: Guid(c7e786d0f026f5548b388d31ac88a5da) Importer(815301076,1909f56bfc062723c751e8b465ee728b)
Start importing Assets/UI/MainMenu.prefab using Guid(c7e786d0f026f5548b388d31ac88a5da) Importer(815301076,1909f56bfc062723c751e8b465ee728b)  -> (artifact id: '9d15a1b6e742a97cfc34f5d780718781') in 0.046338 seconds 
========================================================================
Received Import Request.
  Time since last request: 8.850749 seconds.
  path: Assets/UI/MainMenu.prefab
  artifactKey: Guid(c7e786d0f026f5548b388d31ac88a5da) Importer(815301076,1909f56bfc062723c751e8b465ee728b)
Start importing Assets/UI/MainMenu.prefab using Guid(c7e786d0f026f5548b388d31ac88a5da) Importer(815301076,1909f56bfc062723c751e8b465ee728b)  -> (artifact id: '19a2e77f799f21fd3927117ad533e098') in 0.020791 seconds 
========================================================================
Received Import Request.
  Time since last request: 9.269709 seconds.
  path: Assets/UI/MainMenu.prefab
  artifactKey: Guid(c7e786d0f026f5548b388d31ac88a5da) Importer(815301076,1909f56bfc062723c751e8b465ee728b)
Start importing Assets/UI/MainMenu.prefab using Guid(c7e786d0f026f5548b388d31ac88a5da) Importer(815301076,1909f56bfc062723c751e8b465ee728b)  -> (artifact id: '2d103203f63c420ea797f12ea81c0b1f') in 0.021424 seconds 
========================================================================
Received Import Request.
  Time since last request: 35.357753 seconds.
  path: Assets/UI/Resource/green.png
  artifactKey: Guid(c5120ebdb30ac64458384a16c69915fd) Importer(815301076,1909f56bfc062723c751e8b465ee728b)
Start importing Assets/UI/Resource/green.png using Guid(c5120ebdb30ac64458384a16c69915fd) Importer(815301076,1909f56bfc062723c751e8b465ee728b)  -> (artifact id: 'b752fcbbe440ca092c5fac782b0cad36') in 0.014094 seconds 
========================================================================
Received Import Request.
  Time since last request: 10.120728 seconds.
  path: Assets/UI/Resource/IMG/green.png
  artifactKey: Guid(c5120ebdb30ac64458384a16c69915fd) Importer(815301076,1909f56bfc062723c751e8b465ee728b)
Start importing Assets/UI/Resource/IMG/green.png using Guid(c5120ebdb30ac64458384a16c69915fd) Importer(815301076,1909f56bfc062723c751e8b465ee728b)  -> (artifact id: '3ce74a5eef621080e51f7d3f49b5be41') in 0.024050 seconds 
========================================================================
Received Import Request.
  Time since last request: 20.224196 seconds.
  path: Assets/UI/Resource/IMG/green.png
  artifactKey: Guid(c5120ebdb30ac64458384a16c69915fd) Importer(815301076,1909f56bfc062723c751e8b465ee728b)
Start importing Assets/UI/Resource/IMG/green.png using Guid(c5120ebdb30ac64458384a16c69915fd) Importer(815301076,1909f56bfc062723c751e8b465ee728b)  -> (artifact id: '08ce0bb20bccd1d38c88bed9dc6f9b27') in 0.116532 seconds 
========================================================================
Received Import Request.
  Time since last request: 117.323941 seconds.
  path: Assets/UI/MainMenu.prefab
  artifactKey: Guid(c7e786d0f026f5548b388d31ac88a5da) Importer(815301076,1909f56bfc062723c751e8b465ee728b)
Start importing Assets/UI/MainMenu.prefab using Guid(c7e786d0f026f5548b388d31ac88a5da) Importer(815301076,1909f56bfc062723c751e8b465ee728b)  -> (artifact id: 'c6478ec3b4154b532b60535e05487472') in 0.020481 seconds 
========================================================================
Received Import Request.
  Time since last request: 8.095376 seconds.
  path: Assets/UI/MainMenu.prefab
  artifactKey: Guid(c7e786d0f026f5548b388d31ac88a5da) Importer(815301076,1909f56bfc062723c751e8b465ee728b)
Start importing Assets/UI/MainMenu.prefab using Guid(c7e786d0f026f5548b388d31ac88a5da) Importer(815301076,1909f56bfc062723c751e8b465ee728b)  -> (artifact id: 'de961f4c4fecc3f8de73a1bdab02d469') in 0.020655 seconds 
========================================================================
Received Import Request.
  Time since last request: 0.568338 seconds.
  path: Assets/UI/MainMenu.prefab
  artifactKey: Guid(c7e786d0f026f5548b388d31ac88a5da) Importer(815301076,1909f56bfc062723c751e8b465ee728b)
Start importing Assets/UI/MainMenu.prefab using Guid(c7e786d0f026f5548b388d31ac88a5da) Importer(815301076,1909f56bfc062723c751e8b465ee728b)  -> (artifact id: 'f2056d943e690f1c711575a080f6c556') in 0.003493 seconds 
========================================================================
Received Import Request.
  Time since last request: 1.031178 seconds.
  path: Assets/UI/MainMenu.prefab
  artifactKey: Guid(c7e786d0f026f5548b388d31ac88a5da) Importer(815301076,1909f56bfc062723c751e8b465ee728b)
Start importing Assets/UI/MainMenu.prefab using Guid(c7e786d0f026f5548b388d31ac88a5da) Importer(815301076,1909f56bfc062723c751e8b465ee728b)  -> (artifact id: '2b9e137c6b1e404a8c4686b409c82afe') in 0.021353 seconds 
========================================================================
Received Prepare
Registering precompiled user dll's ...
Registered in 0.002667 seconds.
Begin MonoManager ReloadAssembly
Native extension for WindowsStandalone target not found
Native extension for WebGL target not found
Refreshing native plugins compatible for Editor in 0.45 ms, found 2 plugins.
Preloading 0 native plugins for Editor in 0.00 ms.
Mono: successfully reloaded assembly
- Completed reload, in  0.847 seconds
Domain Reload Profiling:
	ReloadAssembly (847ms)
		BeginReloadAssembly (117ms)
			ExecutionOrderSort (0ms)
			DisableScriptedObjects (4ms)
			BackupInstance (0ms)
			ReleaseScriptingObjects (0ms)
			CreateAndSetChildDomain (33ms)
		EndReloadAssembly (640ms)
			LoadAssemblies (68ms)
			RebuildTransferFunctionScriptingTraits (0ms)
			SetupTypeCache (187ms)
			ReleaseScriptCaches (1ms)
			RebuildScriptCaches (34ms)
			SetupLoadedEditorAssemblies (316ms)
				LogAssemblyErrors (0ms)
				InitializePlatformSupportModulesInManaged (13ms)
				SetLoadedEditorAssemblies (1ms)
				RefreshPlugins (1ms)
				BeforeProcessingInitializeOnLoad (51ms)
				ProcessInitializeOnLoadAttributes (210ms)
				ProcessInitializeOnLoadMethodAttributes (31ms)
				AfterProcessingInitializeOnLoad (9ms)
				EditorAssembliesLoaded (0ms)
			ExecutionOrderSort2 (0ms)
			AwakeInstancesAfterBackupRestoration (6ms)
Platform modules already initialized, skipping
Refreshing native plugins compatible for Editor in 1.78 ms, found 2 plugins.
Preloading 0 native plugins for Editor in 0.00 ms.
Unloading 2415 Unused Serialized files (Serialized files now loaded: 0)
Unloading 13 unused Assets / (25.4 KB). Loaded Objects now: 2953.
Memory consumption went from 98.0 MB to 98.0 MB.
Total: 2.472700 ms (FindLiveObjects: 0.192700 ms CreateObjectMapping: 0.110000 ms MarkObjects: 2.146100 ms  DeleteObjects: 0.023000 ms)

AssetImportParameters requested are different than current active one (requested -> active):
  custom:video-decoder-ogg-theora: a1e56fd34408186e4bbccfd4996cb3dc -> 
  custom:container-muxer-webm: aa71ff27fc2769a1b78a27578f13a17b -> 
  custom:container-demuxer-webm: 4f35f7cbe854078d1ac9338744f61a02 -> 
  custom:video-encoder-webm-vp8: eb34c28f22e8b96e1ab97ce403110664 -> 
  custom:audio-encoder-webm-vorbis: bf7c407c2cedff20999df2af8eb42d56 -> 
  custom:framework-win-MediaFoundation: 216162199b28c13a410421893ffa2e32 -> 
  custom:container-demuxer-ogg: 62fdf1f143b41e24485cea50d1cbac27 -> 
  custom:video-decoder-webm-vp8: 9c59270c3fd7afecdb556c50c9e8de78 -> 
  custom:audio-decoder-ogg-vorbis: bf7c407c2cedff20999df2af8eb42d56 -> 
========================================================================
Received Prepare
Registering precompiled user dll's ...
Registered in 0.003213 seconds.
Begin MonoManager ReloadAssembly
Native extension for WindowsStandalone target not found
Native extension for WebGL target not found
Refreshing native plugins compatible for Editor in 0.41 ms, found 2 plugins.
Preloading 0 native plugins for Editor in 0.00 ms.
Mono: successfully reloaded assembly
- Completed reload, in  0.803 seconds
Domain Reload Profiling:
	ReloadAssembly (804ms)
		BeginReloadAssembly (109ms)
			ExecutionOrderSort (0ms)
			DisableScriptedObjects (6ms)
			BackupInstance (0ms)
			ReleaseScriptingObjects (0ms)
			CreateAndSetChildDomain (27ms)
		EndReloadAssembly (604ms)
			LoadAssemblies (65ms)
			RebuildTransferFunctionScriptingTraits (0ms)
			SetupTypeCache (179ms)
			ReleaseScriptCaches (1ms)
			RebuildScriptCaches (35ms)
			SetupLoadedEditorAssemblies (286ms)
				LogAssemblyErrors (0ms)
				InitializePlatformSupportModulesInManaged (13ms)
				SetLoadedEditorAssemblies (0ms)
				RefreshPlugins (0ms)
				BeforeProcessingInitializeOnLoad (48ms)
				ProcessInitializeOnLoadAttributes (186ms)
				ProcessInitializeOnLoadMethodAttributes (30ms)
				AfterProcessingInitializeOnLoad (8ms)
				EditorAssembliesLoaded (0ms)
			ExecutionOrderSort2 (0ms)
			AwakeInstancesAfterBackupRestoration (8ms)
Platform modules already initialized, skipping
Refreshing native plugins compatible for Editor in 1.42 ms, found 2 plugins.
Preloading 0 native plugins for Editor in 0.00 ms.
Unloading 2415 Unused Serialized files (Serialized files now loaded: 0)
Unloading 12 unused Assets / (24.6 KB). Loaded Objects now: 2956.
Memory consumption went from 98.0 MB to 98.0 MB.
Total: 2.766400 ms (FindLiveObjects: 0.218400 ms CreateObjectMapping: 0.122900 ms MarkObjects: 2.404300 ms  DeleteObjects: 0.019800 ms)

AssetImportParameters requested are different than current active one (requested -> active):
  custom:video-decoder-ogg-theora: a1e56fd34408186e4bbccfd4996cb3dc -> 
  custom:container-muxer-webm: aa71ff27fc2769a1b78a27578f13a17b -> 
  custom:container-demuxer-webm: 4f35f7cbe854078d1ac9338744f61a02 -> 
  custom:video-encoder-webm-vp8: eb34c28f22e8b96e1ab97ce403110664 -> 
  custom:audio-encoder-webm-vorbis: bf7c407c2cedff20999df2af8eb42d56 -> 
  custom:framework-win-MediaFoundation: 216162199b28c13a410421893ffa2e32 -> 
  custom:container-demuxer-ogg: 62fdf1f143b41e24485cea50d1cbac27 -> 
  custom:video-decoder-webm-vp8: 9c59270c3fd7afecdb556c50c9e8de78 -> 
  custom:audio-decoder-ogg-vorbis: bf7c407c2cedff20999df2af8eb42d56 -> 
========================================================================
Received Prepare
Registering precompiled user dll's ...
Registered in 0.003180 seconds.
Begin MonoManager ReloadAssembly
Native extension for WindowsStandalone target not found
Native extension for WebGL target not found
Refreshing native plugins compatible for Editor in 0.42 ms, found 2 plugins.
Preloading 0 native plugins for Editor in 0.00 ms.
Mono: successfully reloaded assembly
- Completed reload, in  0.814 seconds
Domain Reload Profiling:
	ReloadAssembly (814ms)
		BeginReloadAssembly (112ms)
			ExecutionOrderSort (0ms)
			DisableScriptedObjects (5ms)
			BackupInstance (0ms)
			ReleaseScriptingObjects (0ms)
			CreateAndSetChildDomain (27ms)
		EndReloadAssembly (613ms)
			LoadAssemblies (68ms)
			RebuildTransferFunctionScriptingTraits (0ms)
			SetupTypeCache (177ms)
			ReleaseScriptCaches (1ms)
			RebuildScriptCaches (35ms)
			SetupLoadedEditorAssemblies (299ms)
				LogAssemblyErrors (0ms)
				InitializePlatformSupportModulesInManaged (13ms)
				SetLoadedEditorAssemblies (0ms)
				RefreshPlugins (0ms)
				BeforeProcessingInitializeOnLoad (52ms)
				ProcessInitializeOnLoadAttributes (197ms)
				ProcessInitializeOnLoadMethodAttributes (29ms)
				AfterProcessingInitializeOnLoad (8ms)
				EditorAssembliesLoaded (0ms)
			ExecutionOrderSort2 (0ms)
			AwakeInstancesAfterBackupRestoration (6ms)
Platform modules already initialized, skipping
Refreshing native plugins compatible for Editor in 1.29 ms, found 2 plugins.
Preloading 0 native plugins for Editor in 0.00 ms.
Unloading 2415 Unused Serialized files (Serialized files now loaded: 0)
Unloading 12 unused Assets / (24.6 KB). Loaded Objects now: 2959.
Memory consumption went from 98.0 MB to 98.0 MB.
Total: 2.940000 ms (FindLiveObjects: 0.243200 ms CreateObjectMapping: 0.181500 ms MarkObjects: 2.489800 ms  DeleteObjects: 0.024500 ms)

AssetImportParameters requested are different than current active one (requested -> active):
  custom:video-decoder-ogg-theora: a1e56fd34408186e4bbccfd4996cb3dc -> 
  custom:container-muxer-webm: aa71ff27fc2769a1b78a27578f13a17b -> 
  custom:container-demuxer-webm: 4f35f7cbe854078d1ac9338744f61a02 -> 
  custom:video-encoder-webm-vp8: eb34c28f22e8b96e1ab97ce403110664 -> 
  custom:audio-encoder-webm-vorbis: bf7c407c2cedff20999df2af8eb42d56 -> 
  custom:framework-win-MediaFoundation: 216162199b28c13a410421893ffa2e32 -> 
  custom:container-demuxer-ogg: 62fdf1f143b41e24485cea50d1cbac27 -> 
  custom:video-decoder-webm-vp8: 9c59270c3fd7afecdb556c50c9e8de78 -> 
  custom:audio-decoder-ogg-vorbis: bf7c407c2cedff20999df2af8eb42d56 -> 
========================================================================
Received Prepare
Registering precompiled user dll's ...
Registered in 0.003501 seconds.
Begin MonoManager ReloadAssembly
Native extension for WindowsStandalone target not found
Native extension for WebGL target not found
Refreshing native plugins compatible for Editor in 0.66 ms, found 2 plugins.
Preloading 0 native plugins for Editor in 0.00 ms.
Mono: successfully reloaded assembly
- Completed reload, in  0.817 seconds
Domain Reload Profiling:
	ReloadAssembly (818ms)
		BeginReloadAssembly (112ms)
			ExecutionOrderSort (0ms)
			DisableScriptedObjects (5ms)
			BackupInstance (0ms)
			ReleaseScriptingObjects (0ms)
			CreateAndSetChildDomain (28ms)
		EndReloadAssembly (616ms)
			LoadAssemblies (66ms)
			RebuildTransferFunctionScriptingTraits (0ms)
			SetupTypeCache (178ms)
			ReleaseScriptCaches (1ms)
			RebuildScriptCaches (35ms)
			SetupLoadedEditorAssemblies (300ms)
				LogAssemblyErrors (0ms)
				InitializePlatformSupportModulesInManaged (14ms)
				SetLoadedEditorAssemblies (1ms)
				RefreshPlugins (1ms)
				BeforeProcessingInitializeOnLoad (46ms)
				ProcessInitializeOnLoadAttributes (197ms)
				ProcessInitializeOnLoadMethodAttributes (33ms)
				AfterProcessingInitializeOnLoad (9ms)
				EditorAssembliesLoaded (0ms)
			ExecutionOrderSort2 (0ms)
			AwakeInstancesAfterBackupRestoration (6ms)
Platform modules already initialized, skipping
Refreshing native plugins compatible for Editor in 1.41 ms, found 2 plugins.
Preloading 0 native plugins for Editor in 0.00 ms.
Unloading 2415 Unused Serialized files (Serialized files now loaded: 0)
Unloading 12 unused Assets / (24.7 KB). Loaded Objects now: 2962.
Memory consumption went from 98.0 MB to 98.0 MB.
Total: 2.740100 ms (FindLiveObjects: 0.256800 ms CreateObjectMapping: 0.147500 ms MarkObjects: 2.315600 ms  DeleteObjects: 0.019100 ms)

AssetImportParameters requested are different than current active one (requested -> active):
  custom:video-decoder-ogg-theora: a1e56fd34408186e4bbccfd4996cb3dc -> 
  custom:container-muxer-webm: aa71ff27fc2769a1b78a27578f13a17b -> 
  custom:container-demuxer-webm: 4f35f7cbe854078d1ac9338744f61a02 -> 
  custom:video-encoder-webm-vp8: eb34c28f22e8b96e1ab97ce403110664 -> 
  custom:audio-encoder-webm-vorbis: bf7c407c2cedff20999df2af8eb42d56 -> 
  custom:framework-win-MediaFoundation: 216162199b28c13a410421893ffa2e32 -> 
  custom:container-demuxer-ogg: 62fdf1f143b41e24485cea50d1cbac27 -> 
  custom:video-decoder-webm-vp8: 9c59270c3fd7afecdb556c50c9e8de78 -> 
  custom:audio-decoder-ogg-vorbis: bf7c407c2cedff20999df2af8eb42d56 -> 
========================================================================
Received Import Request.
  Time since last request: 169.706310 seconds.
  path: Assets/Scenes/scenes.unity
  artifactKey: Guid(9444b65419c733f4b8a66fd83a27c04e) Importer(815301076,1909f56bfc062723c751e8b465ee728b)
Start importing Assets/Scenes/scenes.unity using Guid(9444b65419c733f4b8a66fd83a27c04e) Importer(815301076,1909f56bfc062723c751e8b465ee728b)  -> (artifact id: '1b321d67c28d3c093148236e3a711ab9') in 0.009279 seconds 
========================================================================
Received Import Request.
  Time since last request: 282.861330 seconds.
  path: Assets/UI/Resource/IMG/sq-removebg-preview.png
  artifactKey: Guid(ef3bbe9c6d7a3ba4eb1ccbf1121ee07d) Importer(815301076,1909f56bfc062723c751e8b465ee728b)
Start importing Assets/UI/Resource/IMG/sq-removebg-preview.png using Guid(ef3bbe9c6d7a3ba4eb1ccbf1121ee07d) Importer(815301076,1909f56bfc062723c751e8b465ee728b)  -> (artifact id: '9a2c18856828327a6a9c4fd34c4c6bc8') in 0.078946 seconds 
========================================================================
Received Import Request.
  Time since last request: 6.635904 seconds.
  path: Assets/UI/Resource/IMG/sq-removebg-preview.png
  artifactKey: Guid(ef3bbe9c6d7a3ba4eb1ccbf1121ee07d) Importer(815301076,1909f56bfc062723c751e8b465ee728b)
Start importing Assets/UI/Resource/IMG/sq-removebg-preview.png using Guid(ef3bbe9c6d7a3ba4eb1ccbf1121ee07d) Importer(815301076,1909f56bfc062723c751e8b465ee728b)  -> (artifact id: 'dab8dbe12a90c1c8770b81ab897568db') in 0.011196 seconds 
========================================================================
Received Import Request.
  Time since last request: 16.345877 seconds.
  path: Assets/UI/Resource/IMG/sq-removebg-preview.png
  artifactKey: Guid(ef3bbe9c6d7a3ba4eb1ccbf1121ee07d) Importer(815301076,1909f56bfc062723c751e8b465ee728b)
Start importing Assets/UI/Resource/IMG/sq-removebg-preview.png using Guid(ef3bbe9c6d7a3ba4eb1ccbf1121ee07d) Importer(815301076,1909f56bfc062723c751e8b465ee728b)  -> (artifact id: '9f41ceef0650d10675f1c85b617d284e') in 0.031934 seconds 
========================================================================
Received Import Request.
  Time since last request: 332.154430 seconds.
  path: Assets/UI/Resource/IMG/sq-removebg-preview.png
  artifactKey: Guid(ef3bbe9c6d7a3ba4eb1ccbf1121ee07d) Importer(815301076,1909f56bfc062723c751e8b465ee728b)
Start importing Assets/UI/Resource/IMG/sq-removebg-preview.png using Guid(ef3bbe9c6d7a3ba4eb1ccbf1121ee07d) Importer(815301076,1909f56bfc062723c751e8b465ee728b)  -> (artifact id: '9acab77aca75319b4f6fd395386ee2a9') in 0.011488 seconds 
========================================================================
Received Import Request.
  Time since last request: 16.657866 seconds.
  path: Assets/UI/Resource/IMG/sq-removebg-preview.png
  artifactKey: Guid(ef3bbe9c6d7a3ba4eb1ccbf1121ee07d) Importer(815301076,1909f56bfc062723c751e8b465ee728b)
Start importing Assets/UI/Resource/IMG/sq-removebg-preview.png using Guid(ef3bbe9c6d7a3ba4eb1ccbf1121ee07d) Importer(815301076,1909f56bfc062723c751e8b465ee728b)  -> (artifact id: '95e4e4d4ed5fa4ec6eddb5c195e48339') in 0.010510 seconds 
========================================================================
Received Import Request.
  Time since last request: 3.108250 seconds.
  path: Assets/UI/Resource/IMG/sq-removebg-preview.png
  artifactKey: Guid(ef3bbe9c6d7a3ba4eb1ccbf1121ee07d) Importer(815301076,1909f56bfc062723c751e8b465ee728b)
Start importing Assets/UI/Resource/IMG/sq-removebg-preview.png using Guid(ef3bbe9c6d7a3ba4eb1ccbf1121ee07d) Importer(815301076,1909f56bfc062723c751e8b465ee728b)  -> (artifact id: 'e893200a11a2ec9b7a205a9c0d54d88d') in 0.017018 seconds 
========================================================================
Received Import Request.
  Time since last request: 381.973272 seconds.
  path: Assets/UI/Resource/IMG/sq-removebg-preview.png
  artifactKey: Guid(ef3bbe9c6d7a3ba4eb1ccbf1121ee07d) Importer(815301076,1909f56bfc062723c751e8b465ee728b)
Start importing Assets/UI/Resource/IMG/sq-removebg-preview.png using Guid(ef3bbe9c6d7a3ba4eb1ccbf1121ee07d) Importer(815301076,1909f56bfc062723c751e8b465ee728b)  -> (artifact id: '26f4904beaa8fbe7255242dc12080a3a') in 0.012230 seconds 
========================================================================
Received Import Request.
  Time since last request: 4.549238 seconds.
  path: Assets/UI/Resource/IMG/sq-removebg-preview.png
  artifactKey: Guid(ef3bbe9c6d7a3ba4eb1ccbf1121ee07d) Importer(815301076,1909f56bfc062723c751e8b465ee728b)
Start importing Assets/UI/Resource/IMG/sq-removebg-preview.png using Guid(ef3bbe9c6d7a3ba4eb1ccbf1121ee07d) Importer(815301076,1909f56bfc062723c751e8b465ee728b)  -> (artifact id: '8ffb91d9fd6a94fd6e3023ec8e0dce45') in 0.011117 seconds 
========================================================================
Received Import Request.
  Time since last request: 5.189777 seconds.
  path: Assets/UI/Resource/IMG/sq-removebg-preview.png
  artifactKey: Guid(ef3bbe9c6d7a3ba4eb1ccbf1121ee07d) Importer(815301076,1909f56bfc062723c751e8b465ee728b)
Start importing Assets/UI/Resource/IMG/sq-removebg-preview.png using Guid(ef3bbe9c6d7a3ba4eb1ccbf1121ee07d) Importer(815301076,1909f56bfc062723c751e8b465ee728b)  -> (artifact id: 'da992e3c9f1eaadf9f8cb10fbe1d88f5') in 0.020318 seconds 
========================================================================
Received Prepare
Registering precompiled user dll's ...
Registered in 0.002661 seconds.
Begin MonoManager ReloadAssembly
Native extension for WindowsStandalone target not found
Native extension for WebGL target not found
Refreshing native plugins compatible for Editor in 0.42 ms, found 2 plugins.
Preloading 0 native plugins for Editor in 0.00 ms.
Mono: successfully reloaded assembly
- Completed reload, in  0.826 seconds
Domain Reload Profiling:
	ReloadAssembly (827ms)
		BeginReloadAssembly (116ms)
			ExecutionOrderSort (0ms)
			DisableScriptedObjects (8ms)
			BackupInstance (0ms)
			ReleaseScriptingObjects (0ms)
			CreateAndSetChildDomain (31ms)
		EndReloadAssembly (615ms)
			LoadAssemblies (66ms)
			RebuildTransferFunctionScriptingTraits (0ms)
			SetupTypeCache (182ms)
			ReleaseScriptCaches (1ms)
			RebuildScriptCaches (39ms)
			SetupLoadedEditorAssemblies (284ms)
				LogAssemblyErrors (0ms)
				InitializePlatformSupportModulesInManaged (13ms)
				SetLoadedEditorAssemblies (0ms)
				RefreshPlugins (0ms)
				BeforeProcessingInitializeOnLoad (47ms)
				ProcessInitializeOnLoadAttributes (186ms)
				ProcessInitializeOnLoadMethodAttributes (29ms)
				AfterProcessingInitializeOnLoad (8ms)
				EditorAssembliesLoaded (0ms)
			ExecutionOrderSort2 (0ms)
			AwakeInstancesAfterBackupRestoration (6ms)
Platform modules already initialized, skipping
Refreshing native plugins compatible for Editor in 1.40 ms, found 2 plugins.
Preloading 0 native plugins for Editor in 0.00 ms.
Unloading 2415 Unused Serialized files (Serialized files now loaded: 0)
Unloading 12 unused Assets / (24.6 KB). Loaded Objects now: 2967.
Memory consumption went from 98.1 MB to 98.0 MB.
Total: 2.566800 ms (FindLiveObjects: 0.251100 ms CreateObjectMapping: 0.128300 ms MarkObjects: 2.165800 ms  DeleteObjects: 0.020500 ms)

AssetImportParameters requested are different than current active one (requested -> active):
  custom:video-decoder-ogg-theora: a1e56fd34408186e4bbccfd4996cb3dc -> 
  custom:container-muxer-webm: aa71ff27fc2769a1b78a27578f13a17b -> 
  custom:container-demuxer-webm: 4f35f7cbe854078d1ac9338744f61a02 -> 
  custom:video-encoder-webm-vp8: eb34c28f22e8b96e1ab97ce403110664 -> 
  custom:audio-encoder-webm-vorbis: bf7c407c2cedff20999df2af8eb42d56 -> 
  custom:framework-win-MediaFoundation: 216162199b28c13a410421893ffa2e32 -> 
  custom:container-demuxer-ogg: 62fdf1f143b41e24485cea50d1cbac27 -> 
  custom:video-decoder-webm-vp8: 9c59270c3fd7afecdb556c50c9e8de78 -> 
  custom:audio-decoder-ogg-vorbis: bf7c407c2cedff20999df2af8eb42d56 -> 
========================================================================
Received Prepare
Registering precompiled user dll's ...
Registered in 0.003016 seconds.
Begin MonoManager ReloadAssembly
Native extension for WindowsStandalone target not found
Native extension for WebGL target not found
Refreshing native plugins compatible for Editor in 0.42 ms, found 2 plugins.
Preloading 0 native plugins for Editor in 0.00 ms.
Mono: successfully reloaded assembly
- Completed reload, in  0.824 seconds
Domain Reload Profiling:
	ReloadAssembly (825ms)
		BeginReloadAssembly (112ms)
			ExecutionOrderSort (0ms)
			DisableScriptedObjects (5ms)
			BackupInstance (0ms)
			ReleaseScriptingObjects (0ms)
			CreateAndSetChildDomain (28ms)
		EndReloadAssembly (623ms)
			LoadAssemblies (67ms)
			RebuildTransferFunctionScriptingTraits (0ms)
			SetupTypeCache (177ms)
			ReleaseScriptCaches (1ms)
			RebuildScriptCaches (35ms)
			SetupLoadedEditorAssemblies (308ms)
				LogAssemblyErrors (0ms)
				InitializePlatformSupportModulesInManaged (13ms)
				SetLoadedEditorAssemblies (0ms)
				RefreshPlugins (0ms)
				BeforeProcessingInitializeOnLoad (47ms)
				ProcessInitializeOnLoadAttributes (204ms)
				ProcessInitializeOnLoadMethodAttributes (34ms)
				AfterProcessingInitializeOnLoad (8ms)
				EditorAssembliesLoaded (0ms)
			ExecutionOrderSort2 (0ms)
			AwakeInstancesAfterBackupRestoration (6ms)
Platform modules already initialized, skipping
Refreshing native plugins compatible for Editor in 1.48 ms, found 2 plugins.
Preloading 0 native plugins for Editor in 0.00 ms.
Unloading 2415 Unused Serialized files (Serialized files now loaded: 0)
Unloading 12 unused Assets / (24.7 KB). Loaded Objects now: 2970.
Memory consumption went from 98.1 MB to 98.0 MB.
Total: 2.393500 ms (FindLiveObjects: 0.204000 ms CreateObjectMapping: 0.112600 ms MarkObjects: 2.055200 ms  DeleteObjects: 0.020700 ms)

AssetImportParameters requested are different than current active one (requested -> active):
  custom:video-decoder-ogg-theora: a1e56fd34408186e4bbccfd4996cb3dc -> 
  custom:container-muxer-webm: aa71ff27fc2769a1b78a27578f13a17b -> 
  custom:container-demuxer-webm: 4f35f7cbe854078d1ac9338744f61a02 -> 
  custom:video-encoder-webm-vp8: eb34c28f22e8b96e1ab97ce403110664 -> 
  custom:audio-encoder-webm-vorbis: bf7c407c2cedff20999df2af8eb42d56 -> 
  custom:framework-win-MediaFoundation: 216162199b28c13a410421893ffa2e32 -> 
  custom:container-demuxer-ogg: 62fdf1f143b41e24485cea50d1cbac27 -> 
  custom:video-decoder-webm-vp8: 9c59270c3fd7afecdb556c50c9e8de78 -> 
  custom:audio-decoder-ogg-vorbis: bf7c407c2cedff20999df2af8eb42d56 -> 
========================================================================
Received Import Request.
  Time since last request: 430.136484 seconds.
  path: Assets/UI/MainMenu.prefab
  artifactKey: Guid(c7e786d0f026f5548b388d31ac88a5da) Importer(815301076,1909f56bfc062723c751e8b465ee728b)
Start importing Assets/UI/MainMenu.prefab using Guid(c7e786d0f026f5548b388d31ac88a5da) Importer(815301076,1909f56bfc062723c751e8b465ee728b)  -> (artifact id: '74cf96628f2631c4d98344db28208616') in 0.064528 seconds 
========================================================================
Received Import Request.
  Time since last request: 2.799825 seconds.
  path: Assets/UI/MainMenu.prefab
  artifactKey: Guid(c7e786d0f026f5548b388d31ac88a5da) Importer(815301076,1909f56bfc062723c751e8b465ee728b)
Start importing Assets/UI/MainMenu.prefab using Guid(c7e786d0f026f5548b388d31ac88a5da) Importer(815301076,1909f56bfc062723c751e8b465ee728b)  -> (artifact id: '4e98660ef1696e6fc3a1d9fa51241b76') in 0.022754 seconds 
========================================================================
Received Import Request.
  Time since last request: 7.248332 seconds.
  path: Assets/UI/MainMenu.prefab
  artifactKey: Guid(c7e786d0f026f5548b388d31ac88a5da) Importer(815301076,1909f56bfc062723c751e8b465ee728b)
Start importing Assets/UI/MainMenu.prefab using Guid(c7e786d0f026f5548b388d31ac88a5da) Importer(815301076,1909f56bfc062723c751e8b465ee728b)  -> (artifact id: '9a4671aace024dc8b8a1a683043334ba') in 0.021036 seconds 
========================================================================
Received Import Request.
  Time since last request: 172.783208 seconds.
  path: Assets/UI/MainMenu.prefab
  artifactKey: Guid(c7e786d0f026f5548b388d31ac88a5da) Importer(815301076,1909f56bfc062723c751e8b465ee728b)
Start importing Assets/UI/MainMenu.prefab using Guid(c7e786d0f026f5548b388d31ac88a5da) Importer(815301076,1909f56bfc062723c751e8b465ee728b)  -> (artifact id: '652d43682ce52d17476ea718977cac08') in 0.005279 seconds 
========================================================================
Received Import Request.
  Time since last request: 15.392940 seconds.
  path: Assets/UI/OptionPanel.prefab
  artifactKey: Guid(21768c28543f0b34bb3025540c8528a6) Importer(815301076,1909f56bfc062723c751e8b465ee728b)
Start importing Assets/UI/OptionPanel.prefab using Guid(21768c28543f0b34bb3025540c8528a6) Importer(815301076,1909f56bfc062723c751e8b465ee728b)  -> (artifact id: '00f8f30b1b6535464159d64a8ef9e14d') in 0.027660 seconds 
========================================================================
Received Import Request.
  Time since last request: 34.595149 seconds.
  path: Assets/UI/OptionPanel.prefab
  artifactKey: Guid(21768c28543f0b34bb3025540c8528a6) Importer(815301076,1909f56bfc062723c751e8b465ee728b)
Start importing Assets/UI/OptionPanel.prefab using Guid(21768c28543f0b34bb3025540c8528a6) Importer(815301076,1909f56bfc062723c751e8b465ee728b)  -> (artifact id: '529181dd9f0b6ef56112232310143c17') in 0.021323 seconds 
========================================================================
Received Import Request.
  Time since last request: 2.223275 seconds.
  path: Assets/UI/OptionPanel.prefab
  artifactKey: Guid(21768c28543f0b34bb3025540c8528a6) Importer(815301076,1909f56bfc062723c751e8b465ee728b)
Start importing Assets/UI/OptionPanel.prefab using Guid(21768c28543f0b34bb3025540c8528a6) Importer(815301076,1909f56bfc062723c751e8b465ee728b)  -> (artifact id: '950c8e2f84b2bc6f8d7a7e533a7f7c1b') in 0.021377 seconds 
========================================================================
Received Import Request.
  Time since last request: 4.565141 seconds.
  path: Assets/Fungus/Fonts/Exo2/Exo2-Regular.ttf
  artifactKey: Guid(79197ecfbc3a4294a89ce589dac02cf2) Importer(815301076,1909f56bfc062723c751e8b465ee728b)
Start importing Assets/Fungus/Fonts/Exo2/Exo2-Regular.ttf using Guid(79197ecfbc3a4294a89ce589dac02cf2) Importer(815301076,1909f56bfc062723c751e8b465ee728b)  -> (artifact id: '194d16c2c7c0210ffb326cac2b663b5f') in 0.051725 seconds 
========================================================================
Received Import Request.
  Time since last request: 194.628331 seconds.
  path: Assets/Scenes/1_Title.unity
  artifactKey: Guid(c915799b3f6be3249a5cc3593e4639b2) Importer(815301076,1909f56bfc062723c751e8b465ee728b)
Start importing Assets/Scenes/1_Title.unity using Guid(c915799b3f6be3249a5cc3593e4639b2) Importer(815301076,1909f56bfc062723c751e8b465ee728b)  -> (artifact id: 'b01335446bf4f0a6acc19e1599327898') in 0.007344 seconds 
========================================================================
Received Import Request.
  Time since last request: 58.842374 seconds.
  path: Assets/Scenes/scenes.unity
  artifactKey: Guid(9444b65419c733f4b8a66fd83a27c04e) Importer(815301076,1909f56bfc062723c751e8b465ee728b)
Start importing Assets/Scenes/scenes.unity using Guid(9444b65419c733f4b8a66fd83a27c04e) Importer(815301076,1909f56bfc062723c751e8b465ee728b)  -> (artifact id: '76a5e8b52fcb99379846aab6082a44e4') in 0.001904 seconds 
========================================================================
Received Import Request.
  Time since last request: 325.020038 seconds.
  path: Assets/UI/MainMenu.prefab
  artifactKey: Guid(c7e786d0f026f5548b388d31ac88a5da) Importer(815301076,1909f56bfc062723c751e8b465ee728b)
Start importing Assets/UI/MainMenu.prefab using Guid(c7e786d0f026f5548b388d31ac88a5da) Importer(815301076,1909f56bfc062723c751e8b465ee728b)  -> (artifact id: '0877e970a3cd96f2894507fc996440a8') in 0.006370 seconds 
========================================================================
Received Import Request.
  Time since last request: 52.843008 seconds.
  path: Assets/Scenes/1_Title.unity
  artifactKey: Guid(c915799b3f6be3249a5cc3593e4639b2) Importer(815301076,1909f56bfc062723c751e8b465ee728b)
Start importing Assets/Scenes/1_Title.unity using Guid(c915799b3f6be3249a5cc3593e4639b2) Importer(815301076,1909f56bfc062723c751e8b465ee728b)  -> (artifact id: '94cb52d1501b87aa02c67c84058a140a') in 0.002031 seconds 
========================================================================
Received Prepare
Registering precompiled user dll's ...
Registered in 0.002888 seconds.
Begin MonoManager ReloadAssembly
Native extension for WindowsStandalone target not found
Native extension for WebGL target not found
Refreshing native plugins compatible for Editor in 0.43 ms, found 2 plugins.
Preloading 0 native plugins for Editor in 0.00 ms.
Mono: successfully reloaded assembly
- Completed reload, in  0.848 seconds
Domain Reload Profiling:
	ReloadAssembly (849ms)
		BeginReloadAssembly (118ms)
			ExecutionOrderSort (0ms)
			DisableScriptedObjects (4ms)
			BackupInstance (0ms)
			ReleaseScriptingObjects (0ms)
			CreateAndSetChildDomain (30ms)
		EndReloadAssembly (641ms)
			LoadAssemblies (71ms)
			RebuildTransferFunctionScriptingTraits (0ms)
			SetupTypeCache (182ms)
			ReleaseScriptCaches (1ms)
			RebuildScriptCaches (39ms)
			SetupLoadedEditorAssemblies (311ms)
				LogAssemblyErrors (0ms)
				InitializePlatformSupportModulesInManaged (13ms)
				SetLoadedEditorAssemblies (0ms)
				RefreshPlugins (0ms)
				BeforeProcessingInitializeOnLoad (50ms)
				ProcessInitializeOnLoadAttributes (209ms)
				ProcessInitializeOnLoadMethodAttributes (30ms)
				AfterProcessingInitializeOnLoad (7ms)
				EditorAssembliesLoaded (0ms)
			ExecutionOrderSort2 (0ms)
			AwakeInstancesAfterBackupRestoration (5ms)
Platform modules already initialized, skipping
Refreshing native plugins compatible for Editor in 1.78 ms, found 2 plugins.
Preloading 0 native plugins for Editor in 0.00 ms.
Unloading 2415 Unused Serialized files (Serialized files now loaded: 0)
Unloading 15 unused Assets / (27.0 KB). Loaded Objects now: 2975.
Memory consumption went from 98.1 MB to 98.1 MB.
Total: 2.598800 ms (FindLiveObjects: 0.213600 ms CreateObjectMapping: 0.196700 ms MarkObjects: 2.158000 ms  DeleteObjects: 0.029800 ms)

AssetImportParameters requested are different than current active one (requested -> active):
  custom:video-decoder-ogg-theora: a1e56fd34408186e4bbccfd4996cb3dc -> 
  custom:container-muxer-webm: aa71ff27fc2769a1b78a27578f13a17b -> 
  custom:container-demuxer-webm: 4f35f7cbe854078d1ac9338744f61a02 -> 
  custom:video-encoder-webm-vp8: eb34c28f22e8b96e1ab97ce403110664 -> 
  custom:audio-encoder-webm-vorbis: bf7c407c2cedff20999df2af8eb42d56 -> 
  custom:framework-win-MediaFoundation: 216162199b28c13a410421893ffa2e32 -> 
  custom:container-demuxer-ogg: 62fdf1f143b41e24485cea50d1cbac27 -> 
  custom:video-decoder-webm-vp8: 9c59270c3fd7afecdb556c50c9e8de78 -> 
  custom:audio-decoder-ogg-vorbis: bf7c407c2cedff20999df2af8eb42d56 -> 
========================================================================
Received Import Request.
  Time since last request: 80.263016 seconds.
  path: Assets/Scenes/scenes.unity
  artifactKey: Guid(9444b65419c733f4b8a66fd83a27c04e) Importer(815301076,1909f56bfc062723c751e8b465ee728b)
Start importing Assets/Scenes/scenes.unity using Guid(9444b65419c733f4b8a66fd83a27c04e) Importer(815301076,1909f56bfc062723c751e8b465ee728b)  -> (artifact id: 'fe5c050826c5e2340f45c5eec03fbd79') in 0.006301 seconds 
