Using pre-set license
Built from '2021.3/release' branch; Version is '2021.3.12f1 (8af3c3e441b1) revision 9106371'; Using compiler version '192829333'; Build Type 'Release'
OS: 'Windows 10  (10.0.19043) 64bit CoreCountrySpecific' Language: 'zh' Physical Memory: 16202 MB
BatchMode: 1, IsHumanControllingUs: 0, StartBugReporterOnCrash: 0, Is64bit: 1, IsPro: 1

COMMAND LINE ARGUMENTS:
C:\Users\13742\Desktop\GameJam2022\2021.3.12f1\Editor\Unity.exe
-adb2
-batchMode
-noUpm
-name
AssetImportWorker4
-projectPath
C:/Users/13742/Desktop/Protect-fish/protect-fish
-logFile
Logs/AssetImportWorker4.log
-srvPort
53577
Successfully changed project path to: C:/Users/13742/Desktop/Protect-fish/protect-fish
C:/Users/13742/Desktop/Protect-fish/protect-fish
[UnityMemory] Configuration Parameters - Can be set up in boot.config
    "memorysetup-bucket-allocator-granularity=16"
    "memorysetup-bucket-allocator-bucket-count=8"
    "memorysetup-bucket-allocator-block-size=33554432"
    "memorysetup-bucket-allocator-block-count=8"
    "memorysetup-main-allocator-block-size=16777216"
    "memorysetup-thread-allocator-block-size=16777216"
    "memorysetup-gfx-main-allocator-block-size=16777216"
    "memorysetup-gfx-thread-allocator-block-size=16777216"
    "memorysetup-cache-allocator-block-size=4194304"
    "memorysetup-typetree-allocator-block-size=2097152"
    "memorysetup-profiler-bucket-allocator-granularity=16"
    "memorysetup-profiler-bucket-allocator-bucket-count=8"
    "memorysetup-profiler-bucket-allocator-block-size=33554432"
    "memorysetup-profiler-bucket-allocator-block-count=8"
    "memorysetup-profiler-allocator-block-size=16777216"
    "memorysetup-profiler-editor-allocator-block-size=1048576"
    "memorysetup-temp-allocator-size-main=16777216"
    "memorysetup-job-temp-allocator-block-size=2097152"
    "memorysetup-job-temp-allocator-block-size-background=1048576"
    "memorysetup-job-temp-allocator-reduction-small-platforms=262144"
    "memorysetup-temp-allocator-size-background-worker=32768"
    "memorysetup-temp-allocator-size-job-worker=262144"
    "memorysetup-temp-allocator-size-preload-manager=33554432"
    "memorysetup-temp-allocator-size-nav-mesh-worker=65536"
    "memorysetup-temp-allocator-size-audio-worker=65536"
    "memorysetup-temp-allocator-size-cloud-worker=32768"
    "memorysetup-temp-allocator-size-gi-baking-worker=262144"
    "memorysetup-temp-allocator-size-gfx=262144"
Refreshing native plugins compatible for Editor in 32.39 ms, found 2 plugins.
Preloading 0 native plugins for Editor in 0.00 ms.
Initialize engine version: 2021.3.12f1 (8af3c3e441b1)
[Subsystems] Discovering subsystems at path C:/Users/13742/Desktop/GameJam2022/2021.3.12f1/Editor/Data/Resources/UnitySubsystems
[Subsystems] Discovering subsystems at path C:/Users/13742/Desktop/Protect-fish/protect-fish/Assets
GfxDevice: creating device client; threaded=0; jobified=0
Direct3D:
    Version:  Direct3D 11.0 [level 11.1]
    Renderer: NVIDIA GeForce RTX 2060 (ID=0x1f15)
    Vendor:   NVIDIA
    VRAM:     5980 MB
    Driver:   27.21.14.6275
Initialize mono
Mono path[0] = 'C:/Users/13742/Desktop/GameJam2022/2021.3.12f1/Editor/Data/Managed'
Mono path[1] = 'C:/Users/13742/Desktop/GameJam2022/2021.3.12f1/Editor/Data/MonoBleedingEdge/lib/mono/unityjit-win32'
Mono config path = 'C:/Users/13742/Desktop/GameJam2022/2021.3.12f1/Editor/Data/MonoBleedingEdge/etc'
Using monoOptions --debugger-agent=transport=dt_socket,embedding=1,server=y,suspend=n,address=127.0.0.1:56096
Begin MonoManager ReloadAssembly
Registering precompiled unity dll's ...
Register platform support module: C:/Users/13742/Desktop/GameJam2022/2021.3.12f1/Editor/Data/PlaybackEngines/WebGLSupport/UnityEditor.WebGL.Extensions.dll
Register platform support module: C:/Users/13742/Desktop/GameJam2022/2021.3.12f1/Editor/Data/PlaybackEngines/WindowsStandaloneSupport/UnityEditor.WindowsStandalone.Extensions.dll
Registered in 0.007040 seconds.
Native extension for WindowsStandalone target not found
Native extension for WebGL target not found
Refreshing native plugins compatible for Editor in 33.10 ms, found 2 plugins.
Preloading 0 native plugins for Editor in 0.00 ms.
Mono: successfully reloaded assembly
- Completed reload, in  0.565 seconds
Domain Reload Profiling:
	ReloadAssembly (565ms)
		BeginReloadAssembly (67ms)
			ExecutionOrderSort (0ms)
			DisableScriptedObjects (0ms)
			BackupInstance (0ms)
			ReleaseScriptingObjects (0ms)
			CreateAndSetChildDomain (1ms)
		EndReloadAssembly (393ms)
			LoadAssemblies (65ms)
			RebuildTransferFunctionScriptingTraits (0ms)
			SetupTypeCache (102ms)
			ReleaseScriptCaches (0ms)
			RebuildScriptCaches (27ms)
			SetupLoadedEditorAssemblies (216ms)
				LogAssemblyErrors (0ms)
				InitializePlatformSupportModulesInManaged (9ms)
				SetLoadedEditorAssemblies (0ms)
				RefreshPlugins (33ms)
				BeforeProcessingInitializeOnLoad (1ms)
				ProcessInitializeOnLoadAttributes (131ms)
				ProcessInitializeOnLoadMethodAttributes (41ms)
				AfterProcessingInitializeOnLoad (0ms)
				EditorAssembliesLoaded (0ms)
			ExecutionOrderSort2 (0ms)
			AwakeInstancesAfterBackupRestoration (0ms)
Platform modules already initialized, skipping
Registering precompiled user dll's ...
Registered in 0.002894 seconds.
Begin MonoManager ReloadAssembly
Native extension for WindowsStandalone target not found
Native extension for WebGL target not found
Refreshing native plugins compatible for Editor in 31.75 ms, found 2 plugins.
Preloading 0 native plugins for Editor in 0.00 ms.
Mono: successfully reloaded assembly
- Completed reload, in  0.857 seconds
Domain Reload Profiling:
	ReloadAssembly (857ms)
		BeginReloadAssembly (101ms)
			ExecutionOrderSort (0ms)
			DisableScriptedObjects (5ms)
			BackupInstance (0ms)
			ReleaseScriptingObjects (0ms)
			CreateAndSetChildDomain (17ms)
		EndReloadAssembly (651ms)
			LoadAssemblies (68ms)
			RebuildTransferFunctionScriptingTraits (0ms)
			SetupTypeCache (179ms)
			ReleaseScriptCaches (1ms)
			RebuildScriptCaches (52ms)
			SetupLoadedEditorAssemblies (317ms)
				LogAssemblyErrors (0ms)
				InitializePlatformSupportModulesInManaged (6ms)
				SetLoadedEditorAssemblies (0ms)
				RefreshPlugins (32ms)
				BeforeProcessingInitializeOnLoad (56ms)
				ProcessInitializeOnLoadAttributes (190ms)
				ProcessInitializeOnLoadMethodAttributes (26ms)
				AfterProcessingInitializeOnLoad (7ms)
				EditorAssembliesLoaded (0ms)
			ExecutionOrderSort2 (0ms)
			AwakeInstancesAfterBackupRestoration (5ms)
Platform modules already initialized, skipping
========================================================================
Worker process is ready to serve import requests
Launched and connected shader compiler UnityShaderCompiler.exe after 0.03 seconds
Refreshing native plugins compatible for Editor in 0.40 ms, found 2 plugins.
Preloading 0 native plugins for Editor in 0.00 ms.
Unloading 2430 Unused Serialized files (Serialized files now loaded: 0)
Unloading 19 unused Assets / (48.2 KB). Loaded Objects now: 2896.
Memory consumption went from 95.0 MB to 95.0 MB.
Total: 2.452700 ms (FindLiveObjects: 0.190700 ms CreateObjectMapping: 0.131900 ms MarkObjects: 2.075300 ms  DeleteObjects: 0.054100 ms)

AssetImportParameters requested are different than current active one (requested -> active):
  custom:video-decoder-ogg-theora: a1e56fd34408186e4bbccfd4996cb3dc -> 
  custom:container-muxer-webm: aa71ff27fc2769a1b78a27578f13a17b -> 
  custom:container-demuxer-webm: 4f35f7cbe854078d1ac9338744f61a02 -> 
  custom:video-encoder-webm-vp8: eb34c28f22e8b96e1ab97ce403110664 -> 
  custom:audio-encoder-webm-vorbis: bf7c407c2cedff20999df2af8eb42d56 -> 
  custom:framework-win-MediaFoundation: 216162199b28c13a410421893ffa2e32 -> 
  custom:container-demuxer-ogg: 62fdf1f143b41e24485cea50d1cbac27 -> 
  custom:video-decoder-webm-vp8: 9c59270c3fd7afecdb556c50c9e8de78 -> 
  custom:audio-decoder-ogg-vorbis: bf7c407c2cedff20999df2af8eb42d56 -> 
========================================================================
Received Import Request.
  Time since last request: 71059.715413 seconds.
  path: Assets/Fungus/Thirdparty/TextMeshPro/Resources/Fonts & Materials/LiberationSans SDF - Drop Shadow.mat
  artifactKey: Guid(e73a58f6e2794ae7b1b7e50b7fb811b0) Importer(815301076,1909f56bfc062723c751e8b465ee728b)
Start importing Assets/Fungus/Thirdparty/TextMeshPro/Resources/Fonts & Materials/LiberationSans SDF - Drop Shadow.mat using Guid(e73a58f6e2794ae7b1b7e50b7fb811b0) Importer(815301076,1909f56bfc062723c751e8b465ee728b)  -> (artifact id: 'bb171885b464325999f50786417d25d9') in 0.126013 seconds 
========================================================================
Received Import Request.
  Time since last request: 17.168796 seconds.
  path: Assets/Fungus/Fonts/Exo2/Exo2-Bold.ttf
  artifactKey: Guid(38fb69338d588b64ea5f2c219db3056b) Importer(815301076,1909f56bfc062723c751e8b465ee728b)
Start importing Assets/Fungus/Fonts/Exo2/Exo2-Bold.ttf using Guid(38fb69338d588b64ea5f2c219db3056b) Importer(815301076,1909f56bfc062723c751e8b465ee728b)  -> (artifact id: 'cee249dd6ff5b40877973270ced032a7') in 0.045132 seconds 
========================================================================
Received Import Request.
  Time since last request: 0.737946 seconds.
  path: Assets/Fungus/Fonts/Amaranth/Amaranth-Bold.otf
  artifactKey: Guid(64bd3e45f7a714f16b3c213f55f17fea) Importer(815301076,1909f56bfc062723c751e8b465ee728b)
Start importing Assets/Fungus/Fonts/Amaranth/Amaranth-Bold.otf using Guid(64bd3e45f7a714f16b3c213f55f17fea) Importer(815301076,1909f56bfc062723c751e8b465ee728b)  -> (artifact id: 'b6b18ceb8976cb20c6a2552060b3e62e') in 0.045610 seconds 
========================================================================
Received Import Request.
  Time since last request: 905.575645 seconds.
  path: Assets/Scenes/1.Title.unity
  artifactKey: Guid(c915799b3f6be3249a5cc3593e4639b2) Importer(815301076,1909f56bfc062723c751e8b465ee728b)
Start importing Assets/Scenes/1.Title.unity using Guid(c915799b3f6be3249a5cc3593e4639b2) Importer(815301076,1909f56bfc062723c751e8b465ee728b)  -> (artifact id: '8119d215bdaef8418bc3715f33e584b8') in 0.006368 seconds 
========================================================================
Received Import Request.
  Time since last request: 450.291659 seconds.
  path: Assets/Scenes/2.Menu.unity
  artifactKey: Guid(291aec73d8db28845873b7b4212b8a0f) Importer(815301076,1909f56bfc062723c751e8b465ee728b)
Start importing Assets/Scenes/2.Menu.unity using Guid(291aec73d8db28845873b7b4212b8a0f) Importer(815301076,1909f56bfc062723c751e8b465ee728b)  -> (artifact id: '2ad1033034623e26bb858d1a22987a14') in 0.005829 seconds 
========================================================================
Received Import Request.
  Time since last request: 220.268714 seconds.
  path: Assets/UIResourse/icon/Pause.png
  artifactKey: Guid(374b9e2db090e1446a0678546693ee28) Importer(815301076,1909f56bfc062723c751e8b465ee728b)
Start importing Assets/UIResourse/icon/Pause.png using Guid(374b9e2db090e1446a0678546693ee28) Importer(815301076,1909f56bfc062723c751e8b465ee728b)  -> (artifact id: 'd24bf9fad708c93db133d8c53ea402ea') in 0.016085 seconds 
========================================================================
Received Import Request.
  Time since last request: 69.983372 seconds.
  path: Assets/UIResourse/icon/Pause.png
  artifactKey: Guid(374b9e2db090e1446a0678546693ee28) Importer(815301076,1909f56bfc062723c751e8b465ee728b)
Start importing Assets/UIResourse/icon/Pause.png using Guid(374b9e2db090e1446a0678546693ee28) Importer(815301076,1909f56bfc062723c751e8b465ee728b)  -> (artifact id: 'cf71dafb647de8e363a32406dfd1d724') in 0.005615 seconds 
========================================================================
Received Import Request.
  Time since last request: 16.039824 seconds.
  path: Assets/UIResourse/icon/Pause.png
  artifactKey: Guid(374b9e2db090e1446a0678546693ee28) Importer(815301076,1909f56bfc062723c751e8b465ee728b)
Start importing Assets/UIResourse/icon/Pause.png using Guid(374b9e2db090e1446a0678546693ee28) Importer(815301076,1909f56bfc062723c751e8b465ee728b)  -> (artifact id: '42eb5ac496a14e15aa27fde8116fbb21') in 0.018570 seconds 
========================================================================
Received Import Request.
  Time since last request: 842.592278 seconds.
  path: Assets/UIResourse/OptionPanel.prefab
  artifactKey: Guid(21768c28543f0b34bb3025540c8528a6) Importer(815301076,1909f56bfc062723c751e8b465ee728b)
Start importing Assets/UIResourse/OptionPanel.prefab using Guid(21768c28543f0b34bb3025540c8528a6) Importer(815301076,1909f56bfc062723c751e8b465ee728b)  -> (artifact id: 'e7d106d61f8d0907915964725e004934') in 0.057974 seconds 
========================================================================
Received Import Request.
  Time since last request: 69.207405 seconds.
  path: Assets/Scenes/UI
  artifactKey: Guid(e51fda92955faf34e8f4353e768e52de) Importer(815301076,1909f56bfc062723c751e8b465ee728b)
Start importing Assets/Scenes/UI using Guid(e51fda92955faf34e8f4353e768e52de) Importer(815301076,1909f56bfc062723c751e8b465ee728b)  -> (artifact id: '029931c235d7cf8da5db45ccf219aad5') in 0.005535 seconds 
========================================================================
Received Import Request.
  Time since last request: 43.475206 seconds.
  path: Assets/Scenes/UI/MainMenu.prefab
  artifactKey: Guid(c7e786d0f026f5548b388d31ac88a5da) Importer(815301076,1909f56bfc062723c751e8b465ee728b)
Start importing Assets/Scenes/UI/MainMenu.prefab using Guid(c7e786d0f026f5548b388d31ac88a5da) Importer(815301076,1909f56bfc062723c751e8b465ee728b)  -> (artifact id: '8808efa57de43845258a0129000f299b') in 0.027213 seconds 
========================================================================
Received Import Request.
  Time since last request: 8.190139 seconds.
  path: Assets/Scenes/scenes.unity
  artifactKey: Guid(9444b65419c733f4b8a66fd83a27c04e) Importer(815301076,1909f56bfc062723c751e8b465ee728b)
Start importing Assets/Scenes/scenes.unity using Guid(9444b65419c733f4b8a66fd83a27c04e) Importer(815301076,1909f56bfc062723c751e8b465ee728b)  -> (artifact id: '576b27aa601f906b86ffdaaf12883bed') in 0.006257 seconds 
========================================================================
Received Import Request.
  Time since last request: 1019.559538 seconds.
  path: Assets/FungusExamples/FungusExamples.asmdef
  artifactKey: Guid(d749be870df4c4048a9636146e66f475) Importer(815301076,1909f56bfc062723c751e8b465ee728b)
Start importing Assets/FungusExamples/FungusExamples.asmdef using Guid(d749be870df4c4048a9636146e66f475) Importer(815301076,1909f56bfc062723c751e8b465ee728b)  -> (artifact id: '649879f1a0372afc4bd6e925fa544a84') in 0.007368 seconds 
========================================================================
Received Import Request.
  Time since last request: 0.422109 seconds.
  path: Assets/Fonts/JazzCreateBubble.ttf
  artifactKey: Guid(58b647c5b2ec4184e9a07a561cdf0644) Importer(815301076,1909f56bfc062723c751e8b465ee728b)
Start importing Assets/Fonts/JazzCreateBubble.ttf using Guid(58b647c5b2ec4184e9a07a561cdf0644) Importer(815301076,1909f56bfc062723c751e8b465ee728b)  -> (artifact id: '1d960d5f4f47da06f0fcbbfc09083713') in 0.064087 seconds 
========================================================================
Received Prepare
Registering precompiled user dll's ...
Registered in 0.002740 seconds.
Begin MonoManager ReloadAssembly
Native extension for WindowsStandalone target not found
Native extension for WebGL target not found
Refreshing native plugins compatible for Editor in 0.44 ms, found 2 plugins.
Preloading 0 native plugins for Editor in 0.00 ms.
Mono: successfully reloaded assembly
- Completed reload, in  0.827 seconds
Domain Reload Profiling:
	ReloadAssembly (828ms)
		BeginReloadAssembly (137ms)
			ExecutionOrderSort (0ms)
			DisableScriptedObjects (5ms)
			BackupInstance (0ms)
			ReleaseScriptingObjects (0ms)
			CreateAndSetChildDomain (37ms)
		EndReloadAssembly (600ms)
			LoadAssemblies (82ms)
			RebuildTransferFunctionScriptingTraits (0ms)
			SetupTypeCache (181ms)
			ReleaseScriptCaches (1ms)
			RebuildScriptCaches (37ms)
			SetupLoadedEditorAssemblies (281ms)
				LogAssemblyErrors (0ms)
				InitializePlatformSupportModulesInManaged (13ms)
				SetLoadedEditorAssemblies (0ms)
				RefreshPlugins (0ms)
				BeforeProcessingInitializeOnLoad (48ms)
				ProcessInitializeOnLoadAttributes (186ms)
				ProcessInitializeOnLoadMethodAttributes (26ms)
				AfterProcessingInitializeOnLoad (7ms)
				EditorAssembliesLoaded (0ms)
			ExecutionOrderSort2 (0ms)
			AwakeInstancesAfterBackupRestoration (5ms)
Platform modules already initialized, skipping
Refreshing native plugins compatible for Editor in 1.29 ms, found 2 plugins.
Preloading 0 native plugins for Editor in 0.00 ms.
Unloading 2414 Unused Serialized files (Serialized files now loaded: 0)
Unloading 15 unused Assets / (27.1 KB). Loaded Objects now: 2947.
Memory consumption went from 98.0 MB to 97.9 MB.
Total: 2.425300 ms (FindLiveObjects: 0.191100 ms CreateObjectMapping: 0.097600 ms MarkObjects: 2.107400 ms  DeleteObjects: 0.028500 ms)

AssetImportParameters requested are different than current active one (requested -> active):
  custom:video-decoder-ogg-theora: a1e56fd34408186e4bbccfd4996cb3dc -> 
  custom:container-muxer-webm: aa71ff27fc2769a1b78a27578f13a17b -> 
  custom:container-demuxer-webm: 4f35f7cbe854078d1ac9338744f61a02 -> 
  custom:video-encoder-webm-vp8: eb34c28f22e8b96e1ab97ce403110664 -> 
  custom:audio-encoder-webm-vorbis: bf7c407c2cedff20999df2af8eb42d56 -> 
  custom:framework-win-MediaFoundation: 216162199b28c13a410421893ffa2e32 -> 
  custom:container-demuxer-ogg: 62fdf1f143b41e24485cea50d1cbac27 -> 
  custom:video-decoder-webm-vp8: 9c59270c3fd7afecdb556c50c9e8de78 -> 
  custom:audio-decoder-ogg-vorbis: bf7c407c2cedff20999df2af8eb42d56 -> 
========================================================================
Received Import Request.
  Time since last request: 1412.502652 seconds.
  path: Assets/models/boat.fbx
  artifactKey: Guid(fddab049ca09dad42b845255d951db7e) Importer(815301076,1909f56bfc062723c751e8b465ee728b)
Start importing Assets/models/boat.fbx using Guid(fddab049ca09dad42b845255d951db7e) Importer(815301076,1909f56bfc062723c751e8b465ee728b)  -> (artifact id: 'a86416ef6e55ac1ec731eb10fb7feb58') in 0.172463 seconds 
========================================================================
Received Import Request.
  Time since last request: 0.000021 seconds.
  path: Assets/models/plasticbag.fbx
  artifactKey: Guid(26a97e1e578d35d4eac732dfe3d644c2) Importer(815301076,1909f56bfc062723c751e8b465ee728b)
Start importing Assets/models/plasticbag.fbx using Guid(26a97e1e578d35d4eac732dfe3d644c2) Importer(815301076,1909f56bfc062723c751e8b465ee728b)  -> (artifact id: 'd016e45fcf543f955eb57f820134ab7a') in 0.025918 seconds 
========================================================================
Received Import Request.
  Time since last request: 0.000025 seconds.
  path: Assets/models/straw.fbx
  artifactKey: Guid(566001bb14a5cc9469b2717b923c766c) Importer(815301076,1909f56bfc062723c751e8b465ee728b)
Start importing Assets/models/straw.fbx using Guid(566001bb14a5cc9469b2717b923c766c) Importer(815301076,1909f56bfc062723c751e8b465ee728b)  -> (artifact id: 'a34c8368238f775c399c97db681d8891') in 0.023419 seconds 
========================================================================
Received Import Request.
  Time since last request: 35.647126 seconds.
  path: Assets/models/minifish.fbx
  artifactKey: Guid(049bba03063414644bf5e32572003e9e) Importer(815301076,1909f56bfc062723c751e8b465ee728b)
Start importing Assets/models/minifish.fbx using Guid(049bba03063414644bf5e32572003e9e) Importer(815301076,1909f56bfc062723c751e8b465ee728b)  -> (artifact id: '6b201ad59f35d48af7512b8619867839') in 0.087574 seconds 
