Using pre-set license
Built from '2021.3/release' branch; Version is '2021.3.12f1 (8af3c3e441b1) revision 9106371'; Using compiler version '192829333'; Build Type 'Release'
OS: 'Windows 10  (10.0.19043) 64bit CoreCountrySpecific' Language: 'zh' Physical Memory: 16202 MB
BatchMode: 1, IsHumanControllingUs: 0, StartBugReporterOnCrash: 0, Is64bit: 1, IsPro: 1

COMMAND LINE ARGUMENTS:
C:\Users\13742\Desktop\GameJam2022\2021.3.12f1\Editor\Unity.exe
-adb2
-batchMode
-noUpm
-name
AssetImportWorker2
-projectPath
C:/Users/13742/Desktop/Protect-fish/protect-fish
-logFile
Logs/AssetImportWorker2.log
-srvPort
57577
Successfully changed project path to: C:/Users/13742/Desktop/Protect-fish/protect-fish
C:/Users/13742/Desktop/Protect-fish/protect-fish
[UnityMemory] Configuration Parameters - Can be set up in boot.config
    "memorysetup-bucket-allocator-granularity=16"
    "memorysetup-bucket-allocator-bucket-count=8"
    "memorysetup-bucket-allocator-block-size=33554432"
    "memorysetup-bucket-allocator-block-count=8"
    "memorysetup-main-allocator-block-size=16777216"
    "memorysetup-thread-allocator-block-size=16777216"
    "memorysetup-gfx-main-allocator-block-size=16777216"
    "memorysetup-gfx-thread-allocator-block-size=16777216"
    "memorysetup-cache-allocator-block-size=4194304"
    "memorysetup-typetree-allocator-block-size=2097152"
    "memorysetup-profiler-bucket-allocator-granularity=16"
    "memorysetup-profiler-bucket-allocator-bucket-count=8"
    "memorysetup-profiler-bucket-allocator-block-size=33554432"
    "memorysetup-profiler-bucket-allocator-block-count=8"
    "memorysetup-profiler-allocator-block-size=16777216"
    "memorysetup-profiler-editor-allocator-block-size=1048576"
    "memorysetup-temp-allocator-size-main=16777216"
    "memorysetup-job-temp-allocator-block-size=2097152"
    "memorysetup-job-temp-allocator-block-size-background=1048576"
    "memorysetup-job-temp-allocator-reduction-small-platforms=262144"
    "memorysetup-temp-allocator-size-background-worker=32768"
    "memorysetup-temp-allocator-size-job-worker=262144"
    "memorysetup-temp-allocator-size-preload-manager=33554432"
    "memorysetup-temp-allocator-size-nav-mesh-worker=65536"
    "memorysetup-temp-allocator-size-audio-worker=65536"
    "memorysetup-temp-allocator-size-cloud-worker=32768"
    "memorysetup-temp-allocator-size-gi-baking-worker=262144"
    "memorysetup-temp-allocator-size-gfx=262144"
Refreshing native plugins compatible for Editor in 32.65 ms, found 2 plugins.
Preloading 0 native plugins for Editor in 0.00 ms.
Initialize engine version: 2021.3.12f1 (8af3c3e441b1)
[Subsystems] Discovering subsystems at path C:/Users/13742/Desktop/GameJam2022/2021.3.12f1/Editor/Data/Resources/UnitySubsystems
[Subsystems] Discovering subsystems at path C:/Users/13742/Desktop/Protect-fish/protect-fish/Assets
GfxDevice: creating device client; threaded=0; jobified=0
Direct3D:
    Version:  Direct3D 11.0 [level 11.1]
    Renderer: NVIDIA GeForce RTX 2060 (ID=0x1f15)
    Vendor:   NVIDIA
    VRAM:     5980 MB
    Driver:   27.21.14.6275
Initialize mono
Mono path[0] = 'C:/Users/13742/Desktop/GameJam2022/2021.3.12f1/Editor/Data/Managed'
Mono path[1] = 'C:/Users/13742/Desktop/GameJam2022/2021.3.12f1/Editor/Data/MonoBleedingEdge/lib/mono/unityjit-win32'
Mono config path = 'C:/Users/13742/Desktop/GameJam2022/2021.3.12f1/Editor/Data/MonoBleedingEdge/etc'
Using monoOptions --debugger-agent=transport=dt_socket,embedding=1,server=y,suspend=n,address=127.0.0.1:56348
Begin MonoManager ReloadAssembly
Registering precompiled unity dll's ...
Register platform support module: C:/Users/13742/Desktop/GameJam2022/2021.3.12f1/Editor/Data/PlaybackEngines/WebGLSupport/UnityEditor.WebGL.Extensions.dll
Register platform support module: C:/Users/13742/Desktop/GameJam2022/2021.3.12f1/Editor/Data/PlaybackEngines/WindowsStandaloneSupport/UnityEditor.WindowsStandalone.Extensions.dll
Registered in 0.007038 seconds.
Native extension for WindowsStandalone target not found
Native extension for WebGL target not found
Refreshing native plugins compatible for Editor in 32.56 ms, found 2 plugins.
Preloading 0 native plugins for Editor in 0.00 ms.
Mono: successfully reloaded assembly
- Completed reload, in  0.574 seconds
Domain Reload Profiling:
	ReloadAssembly (574ms)
		BeginReloadAssembly (78ms)
			ExecutionOrderSort (0ms)
			DisableScriptedObjects (0ms)
			BackupInstance (0ms)
			ReleaseScriptingObjects (0ms)
			CreateAndSetChildDomain (1ms)
		EndReloadAssembly (388ms)
			LoadAssemblies (76ms)
			RebuildTransferFunctionScriptingTraits (0ms)
			SetupTypeCache (99ms)
			ReleaseScriptCaches (0ms)
			RebuildScriptCaches (26ms)
			SetupLoadedEditorAssemblies (216ms)
				LogAssemblyErrors (0ms)
				InitializePlatformSupportModulesInManaged (8ms)
				SetLoadedEditorAssemblies (0ms)
				RefreshPlugins (33ms)
				BeforeProcessingInitializeOnLoad (1ms)
				ProcessInitializeOnLoadAttributes (132ms)
				ProcessInitializeOnLoadMethodAttributes (42ms)
				AfterProcessingInitializeOnLoad (0ms)
				EditorAssembliesLoaded (0ms)
			ExecutionOrderSort2 (0ms)
			AwakeInstancesAfterBackupRestoration (0ms)
Platform modules already initialized, skipping
Registering precompiled user dll's ...
Registered in 0.002815 seconds.
Begin MonoManager ReloadAssembly
Native extension for WindowsStandalone target not found
Native extension for WebGL target not found
Refreshing native plugins compatible for Editor in 31.72 ms, found 2 plugins.
Preloading 0 native plugins for Editor in 0.00 ms.
Mono: successfully reloaded assembly
- Completed reload, in  0.878 seconds
Domain Reload Profiling:
	ReloadAssembly (879ms)
		BeginReloadAssembly (102ms)
			ExecutionOrderSort (0ms)
			DisableScriptedObjects (6ms)
			BackupInstance (0ms)
			ReleaseScriptingObjects (0ms)
			CreateAndSetChildDomain (18ms)
		EndReloadAssembly (670ms)
			LoadAssemblies (66ms)
			RebuildTransferFunctionScriptingTraits (0ms)
			SetupTypeCache (183ms)
			ReleaseScriptCaches (0ms)
			RebuildScriptCaches (57ms)
			SetupLoadedEditorAssemblies (325ms)
				LogAssemblyErrors (0ms)
				InitializePlatformSupportModulesInManaged (6ms)
				SetLoadedEditorAssemblies (0ms)
				RefreshPlugins (32ms)
				BeforeProcessingInitializeOnLoad (56ms)
				ProcessInitializeOnLoadAttributes (195ms)
				ProcessInitializeOnLoadMethodAttributes (28ms)
				AfterProcessingInitializeOnLoad (8ms)
				EditorAssembliesLoaded (0ms)
			ExecutionOrderSort2 (0ms)
			AwakeInstancesAfterBackupRestoration (5ms)
Platform modules already initialized, skipping
========================================================================
Worker process is ready to serve import requests
Launched and connected shader compiler UnityShaderCompiler.exe after 0.03 seconds
Refreshing native plugins compatible for Editor in 0.42 ms, found 2 plugins.
Preloading 0 native plugins for Editor in 0.00 ms.
Unloading 2432 Unused Serialized files (Serialized files now loaded: 0)
Unloading 19 unused Assets / (48.2 KB). Loaded Objects now: 2898.
Memory consumption went from 95.1 MB to 95.1 MB.
Total: 2.469800 ms (FindLiveObjects: 0.204200 ms CreateObjectMapping: 0.142500 ms MarkObjects: 2.063500 ms  DeleteObjects: 0.058600 ms)

AssetImportParameters requested are different than current active one (requested -> active):
  custom:video-decoder-ogg-theora: a1e56fd34408186e4bbccfd4996cb3dc -> 
  custom:container-muxer-webm: aa71ff27fc2769a1b78a27578f13a17b -> 
  custom:container-demuxer-webm: 4f35f7cbe854078d1ac9338744f61a02 -> 
  custom:video-encoder-webm-vp8: eb34c28f22e8b96e1ab97ce403110664 -> 
  custom:audio-encoder-webm-vorbis: bf7c407c2cedff20999df2af8eb42d56 -> 
  custom:framework-win-MediaFoundation: 216162199b28c13a410421893ffa2e32 -> 
  custom:container-demuxer-ogg: 62fdf1f143b41e24485cea50d1cbac27 -> 
  custom:video-decoder-webm-vp8: 9c59270c3fd7afecdb556c50c9e8de78 -> 
  custom:audio-decoder-ogg-vorbis: bf7c407c2cedff20999df2af8eb42d56 -> 
========================================================================
Received Import Request.
  Time since last request: 102587.037330 seconds.
  path: Assets/UI/Resource/IMG/4.png
  artifactKey: Guid(f674ec1d41063bc49a9fea17fc92dc95) Importer(815301076,1909f56bfc062723c751e8b465ee728b)
Start importing Assets/UI/Resource/IMG/4.png using Guid(f674ec1d41063bc49a9fea17fc92dc95) Importer(815301076,1909f56bfc062723c751e8b465ee728b)  -> (artifact id: '98c76959edde0bb0aecc1ed2d4b43b70') in 0.096960 seconds 
========================================================================
Received Import Request.
  Time since last request: 0.000019 seconds.
  path: Assets/UI/Resource/IMG/BACK.png
  artifactKey: Guid(648d87fe03c08604388038fc977150b5) Importer(815301076,1909f56bfc062723c751e8b465ee728b)
Start importing Assets/UI/Resource/IMG/BACK.png using Guid(648d87fe03c08604388038fc977150b5) Importer(815301076,1909f56bfc062723c751e8b465ee728b)  -> (artifact id: '522226fdb0ba5cfcaf64b7df2f1ed89c') in 0.049319 seconds 
========================================================================
Received Import Request.
  Time since last request: 0.000026 seconds.
  path: Assets/UI/Resource/IMG/2.png
  artifactKey: Guid(6079bb8c724dea54fb28a949b730f1d3) Importer(815301076,1909f56bfc062723c751e8b465ee728b)
Start importing Assets/UI/Resource/IMG/2.png using Guid(6079bb8c724dea54fb28a949b730f1d3) Importer(815301076,1909f56bfc062723c751e8b465ee728b)  -> (artifact id: '30f20dec437688708e1b876909e4d9af') in 0.012333 seconds 
========================================================================
Received Import Request.
  Time since last request: 57.782666 seconds.
  path: Assets/UI/Resource/IMG/BACK.png
  artifactKey: Guid(648d87fe03c08604388038fc977150b5) Importer(815301076,1909f56bfc062723c751e8b465ee728b)
Start importing Assets/UI/Resource/IMG/BACK.png using Guid(648d87fe03c08604388038fc977150b5) Importer(815301076,1909f56bfc062723c751e8b465ee728b)  -> (artifact id: 'ccf78e172e6bfc69f4042c901d8d4282') in 0.012894 seconds 
========================================================================
Received Import Request.
  Time since last request: 7.419785 seconds.
  path: Assets/UI/Resource/IMG/BACK.png
  artifactKey: Guid(648d87fe03c08604388038fc977150b5) Importer(815301076,1909f56bfc062723c751e8b465ee728b)
Start importing Assets/UI/Resource/IMG/BACK.png using Guid(648d87fe03c08604388038fc977150b5) Importer(815301076,1909f56bfc062723c751e8b465ee728b)  -> (artifact id: 'ec4593aa0a0aa8519b5f76996040af06') in 0.067643 seconds 
========================================================================
Received Import Request.
  Time since last request: 102.249253 seconds.
  path: Assets/UI/OptionPanel.prefab
  artifactKey: Guid(21768c28543f0b34bb3025540c8528a6) Importer(815301076,1909f56bfc062723c751e8b465ee728b)
Start importing Assets/UI/OptionPanel.prefab using Guid(21768c28543f0b34bb3025540c8528a6) Importer(815301076,1909f56bfc062723c751e8b465ee728b)  -> (artifact id: 'be4ec65fa96caed1333fc444b7b093ed') in 0.055256 seconds 
========================================================================
Received Import Request.
  Time since last request: 5.886195 seconds.
  path: Assets/UI/OptionPanel.prefab
  artifactKey: Guid(21768c28543f0b34bb3025540c8528a6) Importer(815301076,1909f56bfc062723c751e8b465ee728b)
Start importing Assets/UI/OptionPanel.prefab using Guid(21768c28543f0b34bb3025540c8528a6) Importer(815301076,1909f56bfc062723c751e8b465ee728b)  -> (artifact id: 'c56857576bd5315e1119ddbce577a419') in 0.022858 seconds 
========================================================================
Received Import Request.
  Time since last request: 12.151042 seconds.
  path: Assets/UI/OptionPanel.prefab
  artifactKey: Guid(21768c28543f0b34bb3025540c8528a6) Importer(815301076,1909f56bfc062723c751e8b465ee728b)
Start importing Assets/UI/OptionPanel.prefab using Guid(21768c28543f0b34bb3025540c8528a6) Importer(815301076,1909f56bfc062723c751e8b465ee728b)  -> (artifact id: 'cfb6d2f1e684378ab204e0e8d55f2d31') in 0.022010 seconds 
========================================================================
Received Prepare
Registering precompiled user dll's ...
Registered in 0.002709 seconds.
Begin MonoManager ReloadAssembly
Native extension for WindowsStandalone target not found
Native extension for WebGL target not found
Refreshing native plugins compatible for Editor in 0.42 ms, found 2 plugins.
Preloading 0 native plugins for Editor in 0.00 ms.
Mono: successfully reloaded assembly
- Completed reload, in  0.840 seconds
Domain Reload Profiling:
	ReloadAssembly (840ms)
		BeginReloadAssembly (115ms)
			ExecutionOrderSort (0ms)
			DisableScriptedObjects (5ms)
			BackupInstance (0ms)
			ReleaseScriptingObjects (0ms)
			CreateAndSetChildDomain (29ms)
		EndReloadAssembly (634ms)
			LoadAssemblies (69ms)
			RebuildTransferFunctionScriptingTraits (0ms)
			SetupTypeCache (183ms)
			ReleaseScriptCaches (1ms)
			RebuildScriptCaches (35ms)
			SetupLoadedEditorAssemblies (312ms)
				LogAssemblyErrors (0ms)
				InitializePlatformSupportModulesInManaged (13ms)
				SetLoadedEditorAssemblies (0ms)
				RefreshPlugins (0ms)
				BeforeProcessingInitializeOnLoad (50ms)
				ProcessInitializeOnLoadAttributes (210ms)
				ProcessInitializeOnLoadMethodAttributes (31ms)
				AfterProcessingInitializeOnLoad (8ms)
				EditorAssembliesLoaded (0ms)
			ExecutionOrderSort2 (0ms)
			AwakeInstancesAfterBackupRestoration (6ms)
Platform modules already initialized, skipping
Refreshing native plugins compatible for Editor in 1.28 ms, found 2 plugins.
Preloading 0 native plugins for Editor in 0.00 ms.
Unloading 2415 Unused Serialized files (Serialized files now loaded: 0)
Unloading 15 unused Assets / (27.0 KB). Loaded Objects now: 2910.
Memory consumption went from 97.6 MB to 97.6 MB.
Total: 2.503300 ms (FindLiveObjects: 0.205000 ms CreateObjectMapping: 0.120000 ms MarkObjects: 2.148200 ms  DeleteObjects: 0.029200 ms)

AssetImportParameters requested are different than current active one (requested -> active):
  custom:video-decoder-ogg-theora: a1e56fd34408186e4bbccfd4996cb3dc -> 
  custom:container-muxer-webm: aa71ff27fc2769a1b78a27578f13a17b -> 
  custom:container-demuxer-webm: 4f35f7cbe854078d1ac9338744f61a02 -> 
  custom:video-encoder-webm-vp8: eb34c28f22e8b96e1ab97ce403110664 -> 
  custom:audio-encoder-webm-vorbis: bf7c407c2cedff20999df2af8eb42d56 -> 
  custom:framework-win-MediaFoundation: 216162199b28c13a410421893ffa2e32 -> 
  custom:container-demuxer-ogg: 62fdf1f143b41e24485cea50d1cbac27 -> 
  custom:video-decoder-webm-vp8: 9c59270c3fd7afecdb556c50c9e8de78 -> 
  custom:audio-decoder-ogg-vorbis: bf7c407c2cedff20999df2af8eb42d56 -> 
========================================================================
Received Import Request.
  Time since last request: 209.775555 seconds.
  path: Assets/UI/Resource/IMG/TEXT (2).png
  artifactKey: Guid(4eef76d0197ba184ebf8349c4cc2a31b) Importer(815301076,1909f56bfc062723c751e8b465ee728b)
Start importing Assets/UI/Resource/IMG/TEXT (2).png using Guid(4eef76d0197ba184ebf8349c4cc2a31b) Importer(815301076,1909f56bfc062723c751e8b465ee728b)  -> (artifact id: 'a5f2611f39f98c9b36f7a3d3c96179b8') in 0.044020 seconds 
========================================================================
Received Import Request.
  Time since last request: 0.000017 seconds.
  path: Assets/UI/Resource/IMG/TEXT (4).png
  artifactKey: Guid(b7d5c1f1ece8c964e9f59929c1ab6300) Importer(815301076,1909f56bfc062723c751e8b465ee728b)
Start importing Assets/UI/Resource/IMG/TEXT (4).png using Guid(b7d5c1f1ece8c964e9f59929c1ab6300) Importer(815301076,1909f56bfc062723c751e8b465ee728b)  -> (artifact id: '54f625cbe6788ad151a5dfbde9d3c4d2') in 0.009054 seconds 
========================================================================
Received Import Request.
  Time since last request: 20.813620 seconds.
  path: Assets/UI/Resource/IMG/TEXT (2).png
  artifactKey: Guid(4eef76d0197ba184ebf8349c4cc2a31b) Importer(815301076,1909f56bfc062723c751e8b465ee728b)
Start importing Assets/UI/Resource/IMG/TEXT (2).png using Guid(4eef76d0197ba184ebf8349c4cc2a31b) Importer(815301076,1909f56bfc062723c751e8b465ee728b)  -> (artifact id: '90e497556d475246444478ed19d24c8a') in 0.010542 seconds 
========================================================================
Received Import Request.
  Time since last request: 4.101484 seconds.
  path: Assets/UI/Resource/IMG/TEXT (2).png
  artifactKey: Guid(4eef76d0197ba184ebf8349c4cc2a31b) Importer(815301076,1909f56bfc062723c751e8b465ee728b)
Start importing Assets/UI/Resource/IMG/TEXT (2).png using Guid(4eef76d0197ba184ebf8349c4cc2a31b) Importer(815301076,1909f56bfc062723c751e8b465ee728b)  -> (artifact id: 'ea38dc2e45609abff87044d9497d74c8') in 0.042184 seconds 
========================================================================
Received Prepare
Registering precompiled user dll's ...
Registered in 0.003517 seconds.
Begin MonoManager ReloadAssembly
Native extension for WindowsStandalone target not found
Native extension for WebGL target not found
Refreshing native plugins compatible for Editor in 0.43 ms, found 2 plugins.
Preloading 0 native plugins for Editor in 0.00 ms.
Mono: successfully reloaded assembly
- Completed reload, in  0.850 seconds
Domain Reload Profiling:
	ReloadAssembly (851ms)
		BeginReloadAssembly (125ms)
			ExecutionOrderSort (0ms)
			DisableScriptedObjects (5ms)
			BackupInstance (0ms)
			ReleaseScriptingObjects (0ms)
			CreateAndSetChildDomain (36ms)
		EndReloadAssembly (629ms)
			LoadAssemblies (75ms)
			RebuildTransferFunctionScriptingTraits (0ms)
			SetupTypeCache (195ms)
			ReleaseScriptCaches (1ms)
			RebuildScriptCaches (39ms)
			SetupLoadedEditorAssemblies (289ms)
				LogAssemblyErrors (0ms)
				InitializePlatformSupportModulesInManaged (13ms)
				SetLoadedEditorAssemblies (0ms)
				RefreshPlugins (0ms)
				BeforeProcessingInitializeOnLoad (49ms)
				ProcessInitializeOnLoadAttributes (192ms)
				ProcessInitializeOnLoadMethodAttributes (26ms)
				AfterProcessingInitializeOnLoad (7ms)
				EditorAssembliesLoaded (0ms)
			ExecutionOrderSort2 (0ms)
			AwakeInstancesAfterBackupRestoration (6ms)
Platform modules already initialized, skipping
Refreshing native plugins compatible for Editor in 1.48 ms, found 2 plugins.
Preloading 0 native plugins for Editor in 0.00 ms.
Unloading 2415 Unused Serialized files (Serialized files now loaded: 0)
Unloading 12 unused Assets / (24.6 KB). Loaded Objects now: 2918.
Memory consumption went from 97.6 MB to 97.6 MB.
Total: 2.582600 ms (FindLiveObjects: 0.201600 ms CreateObjectMapping: 0.121300 ms MarkObjects: 2.238300 ms  DeleteObjects: 0.020400 ms)

AssetImportParameters requested are different than current active one (requested -> active):
  custom:video-decoder-ogg-theora: a1e56fd34408186e4bbccfd4996cb3dc -> 
  custom:container-muxer-webm: aa71ff27fc2769a1b78a27578f13a17b -> 
  custom:container-demuxer-webm: 4f35f7cbe854078d1ac9338744f61a02 -> 
  custom:video-encoder-webm-vp8: eb34c28f22e8b96e1ab97ce403110664 -> 
  custom:audio-encoder-webm-vorbis: bf7c407c2cedff20999df2af8eb42d56 -> 
  custom:framework-win-MediaFoundation: 216162199b28c13a410421893ffa2e32 -> 
  custom:container-demuxer-ogg: 62fdf1f143b41e24485cea50d1cbac27 -> 
  custom:video-decoder-webm-vp8: 9c59270c3fd7afecdb556c50c9e8de78 -> 
  custom:audio-decoder-ogg-vorbis: bf7c407c2cedff20999df2af8eb42d56 -> 
========================================================================
Received Prepare
Registering precompiled user dll's ...
Registered in 0.002734 seconds.
Begin MonoManager ReloadAssembly
Native extension for WindowsStandalone target not found
Native extension for WebGL target not found
Refreshing native plugins compatible for Editor in 0.43 ms, found 2 plugins.
Preloading 0 native plugins for Editor in 0.00 ms.
Mono: successfully reloaded assembly
- Completed reload, in  0.831 seconds
Domain Reload Profiling:
	ReloadAssembly (831ms)
		BeginReloadAssembly (112ms)
			ExecutionOrderSort (0ms)
			DisableScriptedObjects (6ms)
			BackupInstance (0ms)
			ReleaseScriptingObjects (0ms)
			CreateAndSetChildDomain (27ms)
		EndReloadAssembly (627ms)
			LoadAssemblies (72ms)
			RebuildTransferFunctionScriptingTraits (0ms)
			SetupTypeCache (199ms)
			ReleaseScriptCaches (1ms)
			RebuildScriptCaches (35ms)
			SetupLoadedEditorAssemblies (286ms)
				LogAssemblyErrors (0ms)
				InitializePlatformSupportModulesInManaged (14ms)
				SetLoadedEditorAssemblies (0ms)
				RefreshPlugins (0ms)
				BeforeProcessingInitializeOnLoad (48ms)
				ProcessInitializeOnLoadAttributes (187ms)
				ProcessInitializeOnLoadMethodAttributes (29ms)
				AfterProcessingInitializeOnLoad (7ms)
				EditorAssembliesLoaded (0ms)
			ExecutionOrderSort2 (0ms)
			AwakeInstancesAfterBackupRestoration (5ms)
Platform modules already initialized, skipping
Refreshing native plugins compatible for Editor in 1.28 ms, found 2 plugins.
Preloading 0 native plugins for Editor in 0.00 ms.
Unloading 2415 Unused Serialized files (Serialized files now loaded: 0)
Unloading 12 unused Assets / (24.6 KB). Loaded Objects now: 2921.
Memory consumption went from 97.6 MB to 97.6 MB.
Total: 2.387300 ms (FindLiveObjects: 0.226200 ms CreateObjectMapping: 0.116000 ms MarkObjects: 2.025200 ms  DeleteObjects: 0.018900 ms)

AssetImportParameters requested are different than current active one (requested -> active):
  custom:video-decoder-ogg-theora: a1e56fd34408186e4bbccfd4996cb3dc -> 
  custom:container-muxer-webm: aa71ff27fc2769a1b78a27578f13a17b -> 
  custom:container-demuxer-webm: 4f35f7cbe854078d1ac9338744f61a02 -> 
  custom:video-encoder-webm-vp8: eb34c28f22e8b96e1ab97ce403110664 -> 
  custom:audio-encoder-webm-vorbis: bf7c407c2cedff20999df2af8eb42d56 -> 
  custom:framework-win-MediaFoundation: 216162199b28c13a410421893ffa2e32 -> 
  custom:container-demuxer-ogg: 62fdf1f143b41e24485cea50d1cbac27 -> 
  custom:video-decoder-webm-vp8: 9c59270c3fd7afecdb556c50c9e8de78 -> 
  custom:audio-decoder-ogg-vorbis: bf7c407c2cedff20999df2af8eb42d56 -> 
========================================================================
Received Prepare
Registering precompiled user dll's ...
Registered in 0.003257 seconds.
Begin MonoManager ReloadAssembly
Native extension for WindowsStandalone target not found
Native extension for WebGL target not found
Refreshing native plugins compatible for Editor in 0.42 ms, found 2 plugins.
Preloading 0 native plugins for Editor in 0.00 ms.
Mono: successfully reloaded assembly
- Completed reload, in  0.803 seconds
Domain Reload Profiling:
	ReloadAssembly (804ms)
		BeginReloadAssembly (113ms)
			ExecutionOrderSort (0ms)
			DisableScriptedObjects (5ms)
			BackupInstance (0ms)
			ReleaseScriptingObjects (0ms)
			CreateAndSetChildDomain (26ms)
		EndReloadAssembly (601ms)
			LoadAssemblies (70ms)
			RebuildTransferFunctionScriptingTraits (0ms)
			SetupTypeCache (181ms)
			ReleaseScriptCaches (1ms)
			RebuildScriptCaches (35ms)
			SetupLoadedEditorAssemblies (283ms)
				LogAssemblyErrors (0ms)
				InitializePlatformSupportModulesInManaged (13ms)
				SetLoadedEditorAssemblies (0ms)
				RefreshPlugins (0ms)
				BeforeProcessingInitializeOnLoad (48ms)
				ProcessInitializeOnLoadAttributes (185ms)
				ProcessInitializeOnLoadMethodAttributes (28ms)
				AfterProcessingInitializeOnLoad (8ms)
				EditorAssembliesLoaded (0ms)
			ExecutionOrderSort2 (0ms)
			AwakeInstancesAfterBackupRestoration (6ms)
Platform modules already initialized, skipping
Refreshing native plugins compatible for Editor in 1.30 ms, found 2 plugins.
Preloading 0 native plugins for Editor in 0.00 ms.
Unloading 2415 Unused Serialized files (Serialized files now loaded: 0)
Unloading 12 unused Assets / (24.6 KB). Loaded Objects now: 2924.
Memory consumption went from 97.6 MB to 97.6 MB.
Total: 2.500600 ms (FindLiveObjects: 0.194100 ms CreateObjectMapping: 0.117400 ms MarkObjects: 2.166800 ms  DeleteObjects: 0.021500 ms)

AssetImportParameters requested are different than current active one (requested -> active):
  custom:video-decoder-ogg-theora: a1e56fd34408186e4bbccfd4996cb3dc -> 
  custom:container-muxer-webm: aa71ff27fc2769a1b78a27578f13a17b -> 
  custom:container-demuxer-webm: 4f35f7cbe854078d1ac9338744f61a02 -> 
  custom:video-encoder-webm-vp8: eb34c28f22e8b96e1ab97ce403110664 -> 
  custom:audio-encoder-webm-vorbis: bf7c407c2cedff20999df2af8eb42d56 -> 
  custom:framework-win-MediaFoundation: 216162199b28c13a410421893ffa2e32 -> 
  custom:container-demuxer-ogg: 62fdf1f143b41e24485cea50d1cbac27 -> 
  custom:video-decoder-webm-vp8: 9c59270c3fd7afecdb556c50c9e8de78 -> 
  custom:audio-decoder-ogg-vorbis: bf7c407c2cedff20999df2af8eb42d56 -> 
========================================================================
Received Import Request.
  Time since last request: 443.185488 seconds.
  path: Assets/UI/Resource/IMG/TEXT (3).png
  artifactKey: Guid(8b965e5a57a829a41bc791577f7050b8) Importer(815301076,1909f56bfc062723c751e8b465ee728b)
Start importing Assets/UI/Resource/IMG/TEXT (3).png using Guid(8b965e5a57a829a41bc791577f7050b8) Importer(815301076,1909f56bfc062723c751e8b465ee728b)  -> (artifact id: '9e526b27a767400d7f43f74a69a868cd') in 0.050060 seconds 
========================================================================
Received Import Request.
  Time since last request: 8.450129 seconds.
  path: Assets/UI/Resource/IMG/TEXT (4).png
  artifactKey: Guid(b7d5c1f1ece8c964e9f59929c1ab6300) Importer(815301076,1909f56bfc062723c751e8b465ee728b)
Start importing Assets/UI/Resource/IMG/TEXT (4).png using Guid(b7d5c1f1ece8c964e9f59929c1ab6300) Importer(815301076,1909f56bfc062723c751e8b465ee728b)  -> (artifact id: '5a4ce5132c116f78537a6bfebd95d043') in 0.009652 seconds 
========================================================================
Received Import Request.
  Time since last request: 28.896061 seconds.
  path: Assets/UI/Resource/IMG/TEXT (3).png
  artifactKey: Guid(8b965e5a57a829a41bc791577f7050b8) Importer(815301076,1909f56bfc062723c751e8b465ee728b)
Start importing Assets/UI/Resource/IMG/TEXT (3).png using Guid(8b965e5a57a829a41bc791577f7050b8) Importer(815301076,1909f56bfc062723c751e8b465ee728b)  -> (artifact id: 'a251d652de1c838448e0625a22a9255f') in 0.038823 seconds 
========================================================================
Received Import Request.
  Time since last request: 8.958424 seconds.
  path: Assets/UI/Resource/IMG/TEXT (4).png
  artifactKey: Guid(b7d5c1f1ece8c964e9f59929c1ab6300) Importer(815301076,1909f56bfc062723c751e8b465ee728b)
Start importing Assets/UI/Resource/IMG/TEXT (4).png using Guid(b7d5c1f1ece8c964e9f59929c1ab6300) Importer(815301076,1909f56bfc062723c751e8b465ee728b)  -> (artifact id: '92feebdfaf9ed4d2e176486fd4bdc765') in 0.023654 seconds 
========================================================================
Received Import Request.
  Time since last request: 39.731578 seconds.
  path: Assets/UI/MainMenu.prefab
  artifactKey: Guid(c7e786d0f026f5548b388d31ac88a5da) Importer(815301076,1909f56bfc062723c751e8b465ee728b)
Start importing Assets/UI/MainMenu.prefab using Guid(c7e786d0f026f5548b388d31ac88a5da) Importer(815301076,1909f56bfc062723c751e8b465ee728b)  -> (artifact id: '040a2c303978767a887d404417ba3a8c') in 0.048742 seconds 
========================================================================
Received Import Request.
  Time since last request: 1.595636 seconds.
  path: Assets/UI/MainMenu.prefab
  artifactKey: Guid(c7e786d0f026f5548b388d31ac88a5da) Importer(815301076,1909f56bfc062723c751e8b465ee728b)
Start importing Assets/UI/MainMenu.prefab using Guid(c7e786d0f026f5548b388d31ac88a5da) Importer(815301076,1909f56bfc062723c751e8b465ee728b)  -> (artifact id: '7bd6a429805b941174934426139a06f3') in 0.020390 seconds 
========================================================================
Received Import Request.
  Time since last request: 1.607217 seconds.
  path: Assets/UI/MainMenu.prefab
  artifactKey: Guid(c7e786d0f026f5548b388d31ac88a5da) Importer(815301076,1909f56bfc062723c751e8b465ee728b)
Start importing Assets/UI/MainMenu.prefab using Guid(c7e786d0f026f5548b388d31ac88a5da) Importer(815301076,1909f56bfc062723c751e8b465ee728b)  -> (artifact id: '82f888f51df80ff203c792fd07f7438a') in 0.021636 seconds 
========================================================================
Received Import Request.
  Time since last request: 1.014978 seconds.
  path: Assets/UI/MainMenu.prefab
  artifactKey: Guid(c7e786d0f026f5548b388d31ac88a5da) Importer(815301076,1909f56bfc062723c751e8b465ee728b)
Start importing Assets/UI/MainMenu.prefab using Guid(c7e786d0f026f5548b388d31ac88a5da) Importer(815301076,1909f56bfc062723c751e8b465ee728b)  -> (artifact id: '4d3451d2be64801efe2240aea8fac9f0') in 0.020339 seconds 
========================================================================
Received Import Request.
  Time since last request: 5.621150 seconds.
  path: Assets/UI/MainMenu.prefab
  artifactKey: Guid(c7e786d0f026f5548b388d31ac88a5da) Importer(815301076,1909f56bfc062723c751e8b465ee728b)
Start importing Assets/UI/MainMenu.prefab using Guid(c7e786d0f026f5548b388d31ac88a5da) Importer(815301076,1909f56bfc062723c751e8b465ee728b)  -> (artifact id: '5a08b078d818577fd1ad3accecf67a49') in 0.020575 seconds 
========================================================================
Received Import Request.
  Time since last request: 10.983680 seconds.
  path: Assets/UI/MainMenu.prefab
  artifactKey: Guid(c7e786d0f026f5548b388d31ac88a5da) Importer(815301076,1909f56bfc062723c751e8b465ee728b)
Start importing Assets/UI/MainMenu.prefab using Guid(c7e786d0f026f5548b388d31ac88a5da) Importer(815301076,1909f56bfc062723c751e8b465ee728b)  -> (artifact id: 'afa344e2364a871e6125a82d9d89b706') in 0.020962 seconds 
========================================================================
Received Import Request.
  Time since last request: 4.471533 seconds.
  path: Assets/UI/MainMenu.prefab
  artifactKey: Guid(c7e786d0f026f5548b388d31ac88a5da) Importer(815301076,1909f56bfc062723c751e8b465ee728b)
Start importing Assets/UI/MainMenu.prefab using Guid(c7e786d0f026f5548b388d31ac88a5da) Importer(815301076,1909f56bfc062723c751e8b465ee728b)  -> (artifact id: '6b26b5c0b2f845d43c7c39097a94802e') in 0.021559 seconds 
========================================================================
Received Prepare
Registering precompiled user dll's ...
Registered in 0.002683 seconds.
Begin MonoManager ReloadAssembly
Native extension for WindowsStandalone target not found
Native extension for WebGL target not found
Refreshing native plugins compatible for Editor in 0.42 ms, found 2 plugins.
Preloading 0 native plugins for Editor in 0.00 ms.
Mono: successfully reloaded assembly
- Completed reload, in  0.830 seconds
Domain Reload Profiling:
	ReloadAssembly (830ms)
		BeginReloadAssembly (123ms)
			ExecutionOrderSort (0ms)
			DisableScriptedObjects (7ms)
			BackupInstance (0ms)
			ReleaseScriptingObjects (0ms)
			CreateAndSetChildDomain (31ms)
		EndReloadAssembly (617ms)
			LoadAssemblies (67ms)
			RebuildTransferFunctionScriptingTraits (0ms)
			SetupTypeCache (189ms)
			ReleaseScriptCaches (1ms)
			RebuildScriptCaches (39ms)
			SetupLoadedEditorAssemblies (282ms)
				LogAssemblyErrors (0ms)
				InitializePlatformSupportModulesInManaged (13ms)
				SetLoadedEditorAssemblies (0ms)
				RefreshPlugins (0ms)
				BeforeProcessingInitializeOnLoad (47ms)
				ProcessInitializeOnLoadAttributes (186ms)
				ProcessInitializeOnLoadMethodAttributes (28ms)
				AfterProcessingInitializeOnLoad (7ms)
				EditorAssembliesLoaded (0ms)
			ExecutionOrderSort2 (0ms)
			AwakeInstancesAfterBackupRestoration (6ms)
Platform modules already initialized, skipping
Refreshing native plugins compatible for Editor in 1.23 ms, found 2 plugins.
Preloading 0 native plugins for Editor in 0.00 ms.
Unloading 2415 Unused Serialized files (Serialized files now loaded: 0)
Unloading 13 unused Assets / (25.4 KB). Loaded Objects now: 2933.
Memory consumption went from 97.7 MB to 97.7 MB.
Total: 2.509200 ms (FindLiveObjects: 0.199600 ms CreateObjectMapping: 0.106900 ms MarkObjects: 2.173800 ms  DeleteObjects: 0.028000 ms)

AssetImportParameters requested are different than current active one (requested -> active):
  custom:video-decoder-ogg-theora: a1e56fd34408186e4bbccfd4996cb3dc -> 
  custom:container-muxer-webm: aa71ff27fc2769a1b78a27578f13a17b -> 
  custom:container-demuxer-webm: 4f35f7cbe854078d1ac9338744f61a02 -> 
  custom:video-encoder-webm-vp8: eb34c28f22e8b96e1ab97ce403110664 -> 
  custom:audio-encoder-webm-vorbis: bf7c407c2cedff20999df2af8eb42d56 -> 
  custom:framework-win-MediaFoundation: 216162199b28c13a410421893ffa2e32 -> 
  custom:container-demuxer-ogg: 62fdf1f143b41e24485cea50d1cbac27 -> 
  custom:video-decoder-webm-vp8: 9c59270c3fd7afecdb556c50c9e8de78 -> 
  custom:audio-decoder-ogg-vorbis: bf7c407c2cedff20999df2af8eb42d56 -> 
========================================================================
Received Prepare
Registering precompiled user dll's ...
Registered in 0.003428 seconds.
Begin MonoManager ReloadAssembly
Native extension for WindowsStandalone target not found
Native extension for WebGL target not found
Refreshing native plugins compatible for Editor in 0.42 ms, found 2 plugins.
Preloading 0 native plugins for Editor in 0.00 ms.
Mono: successfully reloaded assembly
- Completed reload, in  0.803 seconds
Domain Reload Profiling:
	ReloadAssembly (804ms)
		BeginReloadAssembly (117ms)
			ExecutionOrderSort (0ms)
			DisableScriptedObjects (6ms)
			BackupInstance (0ms)
			ReleaseScriptingObjects (0ms)
			CreateAndSetChildDomain (28ms)
		EndReloadAssembly (596ms)
			LoadAssemblies (70ms)
			RebuildTransferFunctionScriptingTraits (0ms)
			SetupTypeCache (176ms)
			ReleaseScriptCaches (1ms)
			RebuildScriptCaches (36ms)
			SetupLoadedEditorAssemblies (282ms)
				LogAssemblyErrors (0ms)
				InitializePlatformSupportModulesInManaged (13ms)
				SetLoadedEditorAssemblies (0ms)
				RefreshPlugins (0ms)
				BeforeProcessingInitializeOnLoad (49ms)
				ProcessInitializeOnLoadAttributes (185ms)
				ProcessInitializeOnLoadMethodAttributes (26ms)
				AfterProcessingInitializeOnLoad (8ms)
				EditorAssembliesLoaded (0ms)
			ExecutionOrderSort2 (0ms)
			AwakeInstancesAfterBackupRestoration (5ms)
Platform modules already initialized, skipping
Refreshing native plugins compatible for Editor in 1.39 ms, found 2 plugins.
Preloading 0 native plugins for Editor in 0.00 ms.
Unloading 2415 Unused Serialized files (Serialized files now loaded: 0)
Unloading 12 unused Assets / (24.7 KB). Loaded Objects now: 2936.
Memory consumption went from 97.7 MB to 97.7 MB.
Total: 3.159100 ms (FindLiveObjects: 0.238300 ms CreateObjectMapping: 0.169200 ms MarkObjects: 2.728600 ms  DeleteObjects: 0.022000 ms)

AssetImportParameters requested are different than current active one (requested -> active):
  custom:video-decoder-ogg-theora: a1e56fd34408186e4bbccfd4996cb3dc -> 
  custom:container-muxer-webm: aa71ff27fc2769a1b78a27578f13a17b -> 
  custom:container-demuxer-webm: 4f35f7cbe854078d1ac9338744f61a02 -> 
  custom:video-encoder-webm-vp8: eb34c28f22e8b96e1ab97ce403110664 -> 
  custom:audio-encoder-webm-vorbis: bf7c407c2cedff20999df2af8eb42d56 -> 
  custom:framework-win-MediaFoundation: 216162199b28c13a410421893ffa2e32 -> 
  custom:container-demuxer-ogg: 62fdf1f143b41e24485cea50d1cbac27 -> 
  custom:video-decoder-webm-vp8: 9c59270c3fd7afecdb556c50c9e8de78 -> 
  custom:audio-decoder-ogg-vorbis: bf7c407c2cedff20999df2af8eb42d56 -> 
========================================================================
Received Import Request.
  Time since last request: 470.546973 seconds.
  path: Assets/UI/OptionPanel.prefab
  artifactKey: Guid(21768c28543f0b34bb3025540c8528a6) Importer(815301076,1909f56bfc062723c751e8b465ee728b)
Start importing Assets/UI/OptionPanel.prefab using Guid(21768c28543f0b34bb3025540c8528a6) Importer(815301076,1909f56bfc062723c751e8b465ee728b)  -> (artifact id: 'ebf65df6a50cc05489d9e6b976648057') in 0.070720 seconds 
========================================================================
Received Import Request.
  Time since last request: 1.377300 seconds.
  path: Assets/UI/OptionPanel.prefab
  artifactKey: Guid(21768c28543f0b34bb3025540c8528a6) Importer(815301076,1909f56bfc062723c751e8b465ee728b)
Start importing Assets/UI/OptionPanel.prefab using Guid(21768c28543f0b34bb3025540c8528a6) Importer(815301076,1909f56bfc062723c751e8b465ee728b)  -> (artifact id: '75e2bde61c9a01be1dd0a97206ad1fa2') in 0.021330 seconds 
========================================================================
Received Import Request.
  Time since last request: 3.294730 seconds.
  path: Assets/UI/OptionPanel.prefab
  artifactKey: Guid(21768c28543f0b34bb3025540c8528a6) Importer(815301076,1909f56bfc062723c751e8b465ee728b)
Start importing Assets/UI/OptionPanel.prefab using Guid(21768c28543f0b34bb3025540c8528a6) Importer(815301076,1909f56bfc062723c751e8b465ee728b)  -> (artifact id: '878c88f45f9353b0c12f0d0e61a1c6aa') in 0.021858 seconds 
========================================================================
Received Import Request.
  Time since last request: 6.082833 seconds.
  path: Assets/UI/OptionPanel.prefab
  artifactKey: Guid(21768c28543f0b34bb3025540c8528a6) Importer(815301076,1909f56bfc062723c751e8b465ee728b)
Start importing Assets/UI/OptionPanel.prefab using Guid(21768c28543f0b34bb3025540c8528a6) Importer(815301076,1909f56bfc062723c751e8b465ee728b)  -> (artifact id: 'a7ed499f5498ba6ac94a5f68f465f0d0') in 0.021032 seconds 
========================================================================
Received Import Request.
  Time since last request: 7.870733 seconds.
  path: Assets/UI/OptionPanel.prefab
  artifactKey: Guid(21768c28543f0b34bb3025540c8528a6) Importer(815301076,1909f56bfc062723c751e8b465ee728b)
Start importing Assets/UI/OptionPanel.prefab using Guid(21768c28543f0b34bb3025540c8528a6) Importer(815301076,1909f56bfc062723c751e8b465ee728b)  -> (artifact id: '5ee2f57318d035fc2b90da0de142e0f1') in 0.020968 seconds 
========================================================================
Received Import Request.
  Time since last request: 6.088714 seconds.
  path: Assets/UI/OptionPanel.prefab
  artifactKey: Guid(21768c28543f0b34bb3025540c8528a6) Importer(815301076,1909f56bfc062723c751e8b465ee728b)
Start importing Assets/UI/OptionPanel.prefab using Guid(21768c28543f0b34bb3025540c8528a6) Importer(815301076,1909f56bfc062723c751e8b465ee728b)  -> (artifact id: '4df0d417d97e4539062b1a55a25356ae') in 0.022681 seconds 
========================================================================
Received Import Request.
  Time since last request: 24.042647 seconds.
  path: Assets/UI/OptionPanel.prefab
  artifactKey: Guid(21768c28543f0b34bb3025540c8528a6) Importer(815301076,1909f56bfc062723c751e8b465ee728b)
Start importing Assets/UI/OptionPanel.prefab using Guid(21768c28543f0b34bb3025540c8528a6) Importer(815301076,1909f56bfc062723c751e8b465ee728b)  -> (artifact id: 'b1d7e5b94e4c8ba8870d4251e09867fd') in 0.021368 seconds 
========================================================================
Received Import Request.
  Time since last request: 5.007669 seconds.
  path: Assets/UI/OptionPanel.prefab
  artifactKey: Guid(21768c28543f0b34bb3025540c8528a6) Importer(815301076,1909f56bfc062723c751e8b465ee728b)
Start importing Assets/UI/OptionPanel.prefab using Guid(21768c28543f0b34bb3025540c8528a6) Importer(815301076,1909f56bfc062723c751e8b465ee728b)  -> (artifact id: '471b5871a08a0b690c02952627bdb020') in 0.023473 seconds 
========================================================================
Received Import Request.
  Time since last request: 2.796869 seconds.
  path: Assets/UI/OptionPanel.prefab
  artifactKey: Guid(21768c28543f0b34bb3025540c8528a6) Importer(815301076,1909f56bfc062723c751e8b465ee728b)
Start importing Assets/UI/OptionPanel.prefab using Guid(21768c28543f0b34bb3025540c8528a6) Importer(815301076,1909f56bfc062723c751e8b465ee728b)  -> (artifact id: '81504e500a08589aeba514a573636d92') in 0.021958 seconds 
========================================================================
Received Import Request.
  Time since last request: 4.016247 seconds.
  path: Assets/UI/OptionPanel.prefab
  artifactKey: Guid(21768c28543f0b34bb3025540c8528a6) Importer(815301076,1909f56bfc062723c751e8b465ee728b)
Start importing Assets/UI/OptionPanel.prefab using Guid(21768c28543f0b34bb3025540c8528a6) Importer(815301076,1909f56bfc062723c751e8b465ee728b)  -> (artifact id: '923ebf1a978ffc001e0e4f0590373183') in 0.023010 seconds 
========================================================================
Received Import Request.
  Time since last request: 41.746264 seconds.
  path: Assets/UI/Resource/IMG/3.png
  artifactKey: Guid(55b8b4e9df1a6d346abce537da41ade9) Importer(815301076,1909f56bfc062723c751e8b465ee728b)
Start importing Assets/UI/Resource/IMG/3.png using Guid(55b8b4e9df1a6d346abce537da41ade9) Importer(815301076,1909f56bfc062723c751e8b465ee728b)  -> (artifact id: '35ef36a164ff63e0c54117fe7c7898e5') in 0.026626 seconds 
========================================================================
Received Import Request.
  Time since last request: 4.646598 seconds.
  path: Assets/UI/Resource/IMG/3.png
  artifactKey: Guid(55b8b4e9df1a6d346abce537da41ade9) Importer(815301076,1909f56bfc062723c751e8b465ee728b)
Start importing Assets/UI/Resource/IMG/3.png using Guid(55b8b4e9df1a6d346abce537da41ade9) Importer(815301076,1909f56bfc062723c751e8b465ee728b)  -> (artifact id: '9be2ba4c0bba7b1bac2ff987353b97fd') in 0.028595 seconds 
========================================================================
Received Import Request.
  Time since last request: 298.541876 seconds.
  path: Assets/UI/OptionPanel.prefab
  artifactKey: Guid(21768c28543f0b34bb3025540c8528a6) Importer(815301076,1909f56bfc062723c751e8b465ee728b)
Start importing Assets/UI/OptionPanel.prefab using Guid(21768c28543f0b34bb3025540c8528a6) Importer(815301076,1909f56bfc062723c751e8b465ee728b)  -> (artifact id: 'e3a5e4f0379505d9bd4e70903156449b') in 0.022122 seconds 
========================================================================
Received Import Request.
  Time since last request: 7.661337 seconds.
  path: Assets/UI/OptionPanel.prefab
  artifactKey: Guid(21768c28543f0b34bb3025540c8528a6) Importer(815301076,1909f56bfc062723c751e8b465ee728b)
Start importing Assets/UI/OptionPanel.prefab using Guid(21768c28543f0b34bb3025540c8528a6) Importer(815301076,1909f56bfc062723c751e8b465ee728b)  -> (artifact id: '06dc1fed20b31cf9670b8a60f22d21c6') in 0.021474 seconds 
========================================================================
Received Import Request.
  Time since last request: 1.196813 seconds.
  path: Assets/UI/OptionPanel.prefab
  artifactKey: Guid(21768c28543f0b34bb3025540c8528a6) Importer(815301076,1909f56bfc062723c751e8b465ee728b)
Start importing Assets/UI/OptionPanel.prefab using Guid(21768c28543f0b34bb3025540c8528a6) Importer(815301076,1909f56bfc062723c751e8b465ee728b)  -> (artifact id: '6dd270128d48cde3a42edfe7a9415072') in 0.022279 seconds 
========================================================================
Received Import Request.
  Time since last request: 1.174119 seconds.
  path: Assets/UI/OptionPanel.prefab
  artifactKey: Guid(21768c28543f0b34bb3025540c8528a6) Importer(815301076,1909f56bfc062723c751e8b465ee728b)
Start importing Assets/UI/OptionPanel.prefab using Guid(21768c28543f0b34bb3025540c8528a6) Importer(815301076,1909f56bfc062723c751e8b465ee728b)  -> (artifact id: '45af1918232015cef7f7f6e3f1b6d4bb') in 0.021270 seconds 
========================================================================
Received Import Request.
  Time since last request: 2.044524 seconds.
  path: Assets/UI/OptionPanel.prefab
  artifactKey: Guid(21768c28543f0b34bb3025540c8528a6) Importer(815301076,1909f56bfc062723c751e8b465ee728b)
Start importing Assets/UI/OptionPanel.prefab using Guid(21768c28543f0b34bb3025540c8528a6) Importer(815301076,1909f56bfc062723c751e8b465ee728b)  -> (artifact id: 'e3a4eaa75b2cc215f407c93cd419f5c9') in 0.021944 seconds 
========================================================================
Received Import Request.
  Time since last request: 5.633469 seconds.
  path: Assets/UI/OptionPanel.prefab
  artifactKey: Guid(21768c28543f0b34bb3025540c8528a6) Importer(815301076,1909f56bfc062723c751e8b465ee728b)
Start importing Assets/UI/OptionPanel.prefab using Guid(21768c28543f0b34bb3025540c8528a6) Importer(815301076,1909f56bfc062723c751e8b465ee728b)  -> (artifact id: 'b52bee73209609e55c492986a6037b08') in 0.022406 seconds 
========================================================================
Received Import Request.
  Time since last request: 2.017411 seconds.
  path: Assets/UI/OptionPanel.prefab
  artifactKey: Guid(21768c28543f0b34bb3025540c8528a6) Importer(815301076,1909f56bfc062723c751e8b465ee728b)
Start importing Assets/UI/OptionPanel.prefab using Guid(21768c28543f0b34bb3025540c8528a6) Importer(815301076,1909f56bfc062723c751e8b465ee728b)  -> (artifact id: '306221f510fce70dcfa636bedc39a9d6') in 0.021184 seconds 
========================================================================
Received Prepare
Registering precompiled user dll's ...
Registered in 0.002612 seconds.
Begin MonoManager ReloadAssembly
Native extension for WindowsStandalone target not found
Native extension for WebGL target not found
Refreshing native plugins compatible for Editor in 0.43 ms, found 2 plugins.
Preloading 0 native plugins for Editor in 0.00 ms.
Mono: successfully reloaded assembly
- Completed reload, in  0.824 seconds
Domain Reload Profiling:
	ReloadAssembly (825ms)
		BeginReloadAssembly (116ms)
			ExecutionOrderSort (0ms)
			DisableScriptedObjects (5ms)
			BackupInstance (0ms)
			ReleaseScriptingObjects (0ms)
			CreateAndSetChildDomain (29ms)
		EndReloadAssembly (620ms)
			LoadAssemblies (70ms)
			RebuildTransferFunctionScriptingTraits (0ms)
			SetupTypeCache (182ms)
			ReleaseScriptCaches (1ms)
			RebuildScriptCaches (39ms)
			SetupLoadedEditorAssemblies (293ms)
				LogAssemblyErrors (0ms)
				InitializePlatformSupportModulesInManaged (13ms)
				SetLoadedEditorAssemblies (0ms)
				RefreshPlugins (0ms)
				BeforeProcessingInitializeOnLoad (45ms)
				ProcessInitializeOnLoadAttributes (198ms)
				ProcessInitializeOnLoadMethodAttributes (29ms)
				AfterProcessingInitializeOnLoad (7ms)
				EditorAssembliesLoaded (0ms)
			ExecutionOrderSort2 (0ms)
			AwakeInstancesAfterBackupRestoration (5ms)
Platform modules already initialized, skipping
Refreshing native plugins compatible for Editor in 1.21 ms, found 2 plugins.
Preloading 0 native plugins for Editor in 0.00 ms.
Unloading 2415 Unused Serialized files (Serialized files now loaded: 0)
Unloading 15 unused Assets / (26.9 KB). Loaded Objects now: 2942.
Memory consumption went from 97.7 MB to 97.7 MB.
Total: 2.233400 ms (FindLiveObjects: 0.184500 ms CreateObjectMapping: 0.092000 ms MarkObjects: 1.933200 ms  DeleteObjects: 0.023000 ms)

AssetImportParameters requested are different than current active one (requested -> active):
  custom:video-decoder-ogg-theora: a1e56fd34408186e4bbccfd4996cb3dc -> 
  custom:container-muxer-webm: aa71ff27fc2769a1b78a27578f13a17b -> 
  custom:container-demuxer-webm: 4f35f7cbe854078d1ac9338744f61a02 -> 
  custom:video-encoder-webm-vp8: eb34c28f22e8b96e1ab97ce403110664 -> 
  custom:audio-encoder-webm-vorbis: bf7c407c2cedff20999df2af8eb42d56 -> 
  custom:framework-win-MediaFoundation: 216162199b28c13a410421893ffa2e32 -> 
  custom:container-demuxer-ogg: 62fdf1f143b41e24485cea50d1cbac27 -> 
  custom:video-decoder-webm-vp8: 9c59270c3fd7afecdb556c50c9e8de78 -> 
  custom:audio-decoder-ogg-vorbis: bf7c407c2cedff20999df2af8eb42d56 -> 
========================================================================
Received Prepare
Registering precompiled user dll's ...
Registered in 0.003476 seconds.
Begin MonoManager ReloadAssembly
Native extension for WindowsStandalone target not found
Native extension for WebGL target not found
Refreshing native plugins compatible for Editor in 0.39 ms, found 2 plugins.
Preloading 0 native plugins for Editor in 0.00 ms.
Mono: successfully reloaded assembly
- Completed reload, in  0.814 seconds
Domain Reload Profiling:
	ReloadAssembly (814ms)
		BeginReloadAssembly (109ms)
			ExecutionOrderSort (0ms)
			DisableScriptedObjects (6ms)
			BackupInstance (0ms)
			ReleaseScriptingObjects (0ms)
			CreateAndSetChildDomain (26ms)
		EndReloadAssembly (615ms)
			LoadAssemblies (67ms)
			RebuildTransferFunctionScriptingTraits (0ms)
			SetupTypeCache (175ms)
			ReleaseScriptCaches (1ms)
			RebuildScriptCaches (35ms)
			SetupLoadedEditorAssemblies (300ms)
				LogAssemblyErrors (0ms)
				InitializePlatformSupportModulesInManaged (14ms)
				SetLoadedEditorAssemblies (0ms)
				RefreshPlugins (0ms)
				BeforeProcessingInitializeOnLoad (48ms)
				ProcessInitializeOnLoadAttributes (195ms)
				ProcessInitializeOnLoadMethodAttributes (34ms)
				AfterProcessingInitializeOnLoad (8ms)
				EditorAssembliesLoaded (0ms)
			ExecutionOrderSort2 (0ms)
			AwakeInstancesAfterBackupRestoration (7ms)
Platform modules already initialized, skipping
Refreshing native plugins compatible for Editor in 1.28 ms, found 2 plugins.
Preloading 0 native plugins for Editor in 0.00 ms.
Unloading 2415 Unused Serialized files (Serialized files now loaded: 0)
Unloading 12 unused Assets / (24.6 KB). Loaded Objects now: 2945.
Memory consumption went from 97.7 MB to 97.7 MB.
Total: 3.048600 ms (FindLiveObjects: 0.255400 ms CreateObjectMapping: 0.135300 ms MarkObjects: 2.633900 ms  DeleteObjects: 0.022800 ms)

AssetImportParameters requested are different than current active one (requested -> active):
  custom:video-decoder-ogg-theora: a1e56fd34408186e4bbccfd4996cb3dc -> 
  custom:container-muxer-webm: aa71ff27fc2769a1b78a27578f13a17b -> 
  custom:container-demuxer-webm: 4f35f7cbe854078d1ac9338744f61a02 -> 
  custom:video-encoder-webm-vp8: eb34c28f22e8b96e1ab97ce403110664 -> 
  custom:audio-encoder-webm-vorbis: bf7c407c2cedff20999df2af8eb42d56 -> 
  custom:framework-win-MediaFoundation: 216162199b28c13a410421893ffa2e32 -> 
  custom:container-demuxer-ogg: 62fdf1f143b41e24485cea50d1cbac27 -> 
  custom:video-decoder-webm-vp8: 9c59270c3fd7afecdb556c50c9e8de78 -> 
  custom:audio-decoder-ogg-vorbis: bf7c407c2cedff20999df2af8eb42d56 -> 
